This file contains any messages produced by compilers while
running configure, to aid debugging if configure makes a mistake.

It was created by configure, which was
generated by GNU Autoconf 2.69.  Invocation command line was

  $ ./configure --disable-gui --disable-gpm --without-x

## --------- ##
## Platform. ##
## --------- ##

hostname = fix
uname -m = x86_64
uname -r = 4.4.0-42-generic
uname -s = Linux
uname -v = #62~14.04.1-Ubuntu SMP Fri Oct 7 23:15:48 UTC 2016

/usr/bin/uname -p = unknown
/bin/uname -X     = unknown

/bin/arch              = unknown
/usr/bin/arch -k       = unknown
/usr/convex/getsysinfo = unknown
/usr/bin/hostinfo      = unknown
/bin/machine           = unknown
/usr/bin/oslevel       = unknown
/bin/universe          = unknown

PATH: /home/june/.opam/system/bin
PATH: /usr/local/sbin
PATH: /usr/local/bin
PATH: /usr/sbin
PATH: /usr/bin
PATH: /sbin
PATH: /bin
PATH: /usr/games
PATH: /usr/local/games


## ----------- ##
## Core tests. ##
## ----------- ##

configure:2245: checking whether make sets $(MAKE)
configure:2267: result: yes
configure:2325: checking for gcc
configure:2341: found /usr/bin/gcc
configure:2352: result: gcc
configure:2581: checking for C compiler version
configure:2590: gcc --version >&5
gcc (Ubuntu 4.8.4-2ubuntu1~14.04.3) 4.8.4
Copyright (C) 2013 Free Software Foundation, Inc.
This is free software; see the source for copying conditions.  There is NO
warranty; not even for MERCHANTABILITY or FITNESS FOR A PARTICULAR PURPOSE.

configure:2601: $? = 0
configure:2590: gcc -v >&5
Using built-in specs.
COLLECT_GCC=gcc
COLLECT_LTO_WRAPPER=/usr/lib/gcc/x86_64-linux-gnu/4.8/lto-wrapper
Target: x86_64-linux-gnu
Configured with: ../src/configure -v --with-pkgversion='Ubuntu 4.8.4-2ubuntu1~14.04.3' --with-bugurl=file:///usr/share/doc/gcc-4.8/README.Bugs --enable-languages=c,c++,java,go,d,fortran,objc,obj-c++ --prefix=/usr --program-suffix=-4.8 --enable-shared --enable-linker-build-id --libexecdir=/usr/lib --without-included-gettext --enable-threads=posix --with-gxx-include-dir=/usr/include/c++/4.8 --libdir=/usr/lib --enable-nls --with-sysroot=/ --enable-clocale=gnu --enable-libstdcxx-debug --enable-libstdcxx-time=yes --enable-gnu-unique-object --disable-libmudflap --enable-plugin --with-system-zlib --disable-browser-plugin --enable-java-awt=gtk --enable-gtk-cairo --with-java-home=/usr/lib/jvm/java-1.5.0-gcj-4.8-amd64/jre --enable-java-home --with-jvm-root-dir=/usr/lib/jvm/java-1.5.0-gcj-4.8-amd64 --with-jvm-jar-dir=/usr/lib/jvm-exports/java-1.5.0-gcj-4.8-amd64 --with-arch-directory=amd64 --with-ecj-jar=/usr/share/java/eclipse-ecj.jar --enable-objc-gc --enable-multiarch --disable-werror --with-arch-32=i686 --with-abi=m64 --with-multilib-list=m32,m64,mx32 --with-tune=generic --enable-checking=release --build=x86_64-linux-gnu --host=x86_64-linux-gnu --target=x86_64-linux-gnu
Thread model: posix
gcc version 4.8.4 (Ubuntu 4.8.4-2ubuntu1~14.04.3) 
configure:2601: $? = 0
configure:2590: gcc -V >&5
gcc: error: unrecognized command line option '-V'
gcc: fatal error: no input files
compilation terminated.
configure:2601: $? = 4
configure:2590: gcc -qversion >&5
gcc: error: unrecognized command line option '-qversion'
gcc: fatal error: no input files
compilation terminated.
configure:2601: $? = 4
configure:2621: checking whether the C compiler works
configure:2643: gcc    conftest.c  >&5
configure:2647: $? = 0
configure:2695: result: yes
configure:2698: checking for C compiler default output file name
configure:2700: result: a.out
configure:2706: checking for suffix of executables
configure:2713: gcc -o conftest    conftest.c  >&5
configure:2717: $? = 0
configure:2739: result: 
configure:2761: checking whether we are cross compiling
configure:2769: gcc -o conftest    conftest.c  >&5
configure:2773: $? = 0
configure:2780: ./conftest
configure:2784: $? = 0
configure:2799: result: no
configure:2804: checking for suffix of object files
configure:2826: gcc -c   conftest.c >&5
configure:2830: $? = 0
configure:2851: result: o
configure:2855: checking whether we are using the GNU C compiler
configure:2874: gcc -c   conftest.c >&5
configure:2874: $? = 0
configure:2883: result: yes
configure:2892: checking whether gcc accepts -g
configure:2912: gcc -c -g  conftest.c >&5
configure:2912: $? = 0
configure:2953: result: yes
configure:2970: checking for gcc option to accept ISO C89
configure:3033: gcc  -c -g -O2  conftest.c >&5
configure:3033: $? = 0
configure:3046: result: none needed
configure:3070: checking how to run the C preprocessor
configure:3101: gcc -E  conftest.c
configure:3101: $? = 0
configure:3115: gcc -E  conftest.c
conftest.c:10:28: fatal error: ac_nonexistent.h: No such file or directory
 #include <ac_nonexistent.h>
                            ^
compilation terminated.
configure:3115: $? = 1
configure: failed program was:
| /* confdefs.h */
| #define PACKAGE_NAME ""
| #define PACKAGE_TARNAME ""
| #define PACKAGE_VERSION ""
| #define PACKAGE_STRING ""
| #define PACKAGE_BUGREPORT ""
| #define PACKAGE_URL ""
| #define UNIX 1
| /* end confdefs.h.  */
| #include <ac_nonexistent.h>
configure:3140: result: gcc -E
configure:3160: gcc -E  conftest.c
configure:3160: $? = 0
configure:3174: gcc -E  conftest.c
conftest.c:10:28: fatal error: ac_nonexistent.h: No such file or directory
 #include <ac_nonexistent.h>
                            ^
compilation terminated.
configure:3174: $? = 1
configure: failed program was:
| /* confdefs.h */
| #define PACKAGE_NAME ""
| #define PACKAGE_TARNAME ""
| #define PACKAGE_VERSION ""
| #define PACKAGE_STRING ""
| #define PACKAGE_BUGREPORT ""
| #define PACKAGE_URL ""
| #define UNIX 1
| /* end confdefs.h.  */
| #include <ac_nonexistent.h>
configure:3202: checking for library containing strerror
configure:3233: gcc -o conftest -g -O2   conftest.c  >&5
configure:3233: $? = 0
configure:3250: result: none required
configure:3261: checking for gawk
configure:3277: found /usr/bin/gawk
configure:3288: result: gawk
configure:3301: checking for strip
configure:3317: found /usr/bin/strip
configure:3329: result: strip
configure:3352: checking for buggy tools...
configure:3357: checking for BeOS
configure:3364: result: no
configure:3372: checking --enable-max-features argument
configure:3381: result: no
configure:3387: checking --enable-min-features argument
configure:3396: result: no
configure:3405: checking --enable-perlinterp argument
configure:3414: result: no
configure:3500: checking --enable-pythoninterp argument
configure:3509: result: no
configure:3698: checking --enable-tclinterp argument
configure:3707: result: no
configure:3896: checking --enable-cscope argument
configure:3905: result: no
configure:3912: checking --enable-multibyte argument
configure:3921: result: no
configure:3928: checking --enable-hangulinput argument
configure:3937: result: no
configure:3948: checking --enable-xim argument
configure:3957: result: no
configure:3960: checking --enable-fontset argument
configure:3969: result: no
configure:3972: checking --enable-broken-locale argument
configure:3981: result: no
configure:3991: result: defaulting to: don't HAVE_X11
configure:4917: checking --enable-gui argument
configure:4958: result: no GUI support
configure:5545: checking quality of toupper
configure:5555: gcc -o conftest -g -O2 -Wall   conftest.c  >&5
conftest.c:11:1: warning: return type defaults to 'int' [-Wreturn-type]
 main() { exit(toupper('A') == 'A' && tolower('z') == 'z'); }
 ^
conftest.c: In function 'main':
conftest.c:11:1: warning: implicit declaration of function 'exit' [-Wimplicit-function-declaration]
conftest.c:11:10: warning: incompatible implicit declaration of built-in function 'exit' [enabled by default]
 main() { exit(toupper('A') == 'A' && tolower('z') == 'z'); }
          ^
configure:5555: $? = 0
configure:5555: ./conftest
configure:5555: $? = 1
configure: program exited with status 1
configure: failed program was:
| /* confdefs.h */
| #define PACKAGE_NAME ""
| #define PACKAGE_TARNAME ""
| #define PACKAGE_VERSION ""
| #define PACKAGE_STRING ""
| #define PACKAGE_BUGREPORT ""
| #define PACKAGE_URL ""
| #define UNIX 1
| /* end confdefs.h.  */
| #include <ctype.h>
| main() { exit(toupper('A') == 'A' && tolower('z') == 'z'); }
configure:5560: result: good
configure:5568: checking whether __DATE__ and __TIME__ work
configure:5581: gcc -c -g -O2 -Wall  conftest.c >&5
conftest.c: In function 'main':
conftest.c:14:1: warning: implicit declaration of function 'printf' [-Wimplicit-function-declaration]
 printf("(" __DATE__ " " __TIME__ ")");
 ^
conftest.c:14:1: warning: incompatible implicit declaration of built-in function 'printf' [enabled by default]
configure:5581: $? = 0
configure:5582: result: yes
configure:5591: checking for grep that handles long lines and -e
configure:5649: result: /bin/grep
configure:5654: checking for egrep
configure:5716: result: /bin/grep -E
configure:5721: checking for ANSI C header files
configure:5741: gcc -c -g -O2 -Wall  conftest.c >&5
configure:5741: $? = 0
configure:5814: gcc -o conftest -g -O2 -Wall   conftest.c  >&5
configure:5814: $? = 0
configure:5814: ./conftest
configure:5814: $? = 0
configure:5825: result: yes
configure:5838: checking for sys/types.h
configure:5838: gcc -c -g -O2 -Wall  conftest.c >&5
configure:5838: $? = 0
configure:5838: result: yes
configure:5838: checking for sys/stat.h
configure:5838: gcc -c -g -O2 -Wall  conftest.c >&5
configure:5838: $? = 0
configure:5838: result: yes
configure:5838: checking for stdlib.h
configure:5838: gcc -c -g -O2 -Wall  conftest.c >&5
configure:5838: $? = 0
configure:5838: result: yes
configure:5838: checking for string.h
configure:5838: gcc -c -g -O2 -Wall  conftest.c >&5
configure:5838: $? = 0
configure:5838: result: yes
configure:5838: checking for memory.h
configure:5838: gcc -c -g -O2 -Wall  conftest.c >&5
configure:5838: $? = 0
configure:5838: result: yes
configure:5838: checking for strings.h
configure:5838: gcc -c -g -O2 -Wall  conftest.c >&5
configure:5838: $? = 0
configure:5838: result: yes
configure:5838: checking for inttypes.h
configure:5838: gcc -c -g -O2 -Wall  conftest.c >&5
configure:5838: $? = 0
configure:5838: result: yes
configure:5838: checking for stdint.h
configure:5838: gcc -c -g -O2 -Wall  conftest.c >&5
configure:5838: $? = 0
configure:5838: result: yes
configure:5838: checking for unistd.h
configure:5838: gcc -c -g -O2 -Wall  conftest.c >&5
configure:5838: $? = 0
configure:5838: result: yes
configure:5850: checking elf.h usability
configure:5850: gcc -c -g -O2 -Wall  conftest.c >&5
configure:5850: $? = 0
configure:5850: result: yes
configure:5850: checking elf.h presence
configure:5850: gcc -E  conftest.c
configure:5850: $? = 0
configure:5850: result: yes
configure:5850: checking for elf.h
configure:5850: result: yes
configure:5857: checking for main in -lelf
configure:5876: gcc -o conftest -g -O2 -Wall   conftest.c -lelf   >&5
/usr/bin/ld: cannot find -lelf
collect2: error: ld returned 1 exit status
configure:5876: $? = 1
configure: failed program was:
| /* confdefs.h */
| #define PACKAGE_NAME ""
| #define PACKAGE_TARNAME ""
| #define PACKAGE_VERSION ""
| #define PACKAGE_STRING ""
| #define PACKAGE_BUGREPORT ""
| #define PACKAGE_URL ""
| #define UNIX 1
| #define HAVE_DATE_TIME 1
| #define STDC_HEADERS 1
| #define HAVE_SYS_TYPES_H 1
| #define HAVE_SYS_STAT_H 1
| #define HAVE_STDLIB_H 1
| #define HAVE_STRING_H 1
| #define HAVE_MEMORY_H 1
| #define HAVE_STRINGS_H 1
| #define HAVE_INTTYPES_H 1
| #define HAVE_STDINT_H 1
| #define HAVE_UNISTD_H 1
| #define SVR4 1
| /* end confdefs.h.  */
| 
| 
| int
| main ()
| {
| return main ();
|   ;
|   return 0;
| }
configure:5885: result: no
configure:5900: checking for dirent.h that defines DIR
configure:5919: gcc -c -g -O2 -Wall  conftest.c >&5
configure:5919: $? = 0
configure:5927: result: yes
configure:5940: checking for library containing opendir
configure:5971: gcc -o conftest -g -O2 -Wall   conftest.c  >&5
configure:5971: $? = 0
configure:5988: result: none required
configure:6056: checking for ANSI C header files
configure:6160: result: yes
configure:6168: checking for sys/wait.h that is POSIX.1 compatible
configure:6194: gcc -c -g -O2 -Wall  conftest.c >&5
configure:6194: $? = 0
configure:6201: result: yes
configure:6245: checking for stdlib.h
configure:6245: result: yes
configure:6245: checking for string.h
configure:6245: result: yes
configure:6245: checking sys/select.h usability
configure:6245: gcc -c -g -O2 -Wall  conftest.c >&5
configure:6245: $? = 0
configure:6245: result: yes
configure:6245: checking sys/select.h presence
configure:6245: gcc -E  conftest.c
configure:6245: $? = 0
configure:6245: result: yes
configure:6245: checking for sys/select.h
configure:6245: result: yes
configure:6245: checking sys/utsname.h usability
configure:6245: gcc -c -g -O2 -Wall  conftest.c >&5
configure:6245: $? = 0
configure:6245: result: yes
configure:6245: checking sys/utsname.h presence
configure:6245: gcc -E  conftest.c
configure:6245: $? = 0
configure:6245: result: yes
configure:6245: checking for sys/utsname.h
configure:6245: result: yes
configure:6245: checking termcap.h usability
configure:6245: gcc -c -g -O2 -Wall  conftest.c >&5
configure:6245: $? = 0
configure:6245: result: yes
configure:6245: checking termcap.h presence
configure:6245: gcc -E  conftest.c
configure:6245: $? = 0
configure:6245: result: yes
configure:6245: checking for termcap.h
configure:6245: result: yes
configure:6245: checking fcntl.h usability
configure:6245: gcc -c -g -O2 -Wall  conftest.c >&5
configure:6245: $? = 0
configure:6245: result: yes
configure:6245: checking fcntl.h presence
configure:6245: gcc -E  conftest.c
configure:6245: $? = 0
configure:6245: result: yes
configure:6245: checking for fcntl.h
configure:6245: result: yes
configure:6245: checking sgtty.h usability
configure:6245: gcc -c -g -O2 -Wall  conftest.c >&5
configure:6245: $? = 0
configure:6245: result: yes
configure:6245: checking sgtty.h presence
configure:6245: gcc -E  conftest.c
configure:6245: $? = 0
configure:6245: result: yes
configure:6245: checking for sgtty.h
configure:6245: result: yes
configure:6245: checking sys/ioctl.h usability
configure:6245: gcc -c -g -O2 -Wall  conftest.c >&5
configure:6245: $? = 0
configure:6245: result: yes
configure:6245: checking sys/ioctl.h presence
configure:6245: gcc -E  conftest.c
configure:6245: $? = 0
configure:6245: result: yes
configure:6245: checking for sys/ioctl.h
configure:6245: result: yes
configure:6245: checking sys/time.h usability
configure:6245: gcc -c -g -O2 -Wall  conftest.c >&5
configure:6245: $? = 0
configure:6245: result: yes
configure:6245: checking sys/time.h presence
configure:6245: gcc -E  conftest.c
configure:6245: $? = 0
configure:6245: result: yes
configure:6245: checking for sys/time.h
configure:6245: result: yes
configure:6245: checking termio.h usability
configure:6245: gcc -c -g -O2 -Wall  conftest.c >&5
configure:6245: $? = 0
configure:6245: result: yes
configure:6245: checking termio.h presence
configure:6245: gcc -E  conftest.c
configure:6245: $? = 0
configure:6245: result: yes
configure:6245: checking for termio.h
configure:6245: result: yes
configure:6245: checking for unistd.h
configure:6245: result: yes
configure:6245: checking stropts.h usability
configure:6245: gcc -c -g -O2 -Wall  conftest.c >&5
configure:6245: $? = 0
configure:6245: result: yes
configure:6245: checking stropts.h presence
configure:6245: gcc -E  conftest.c
configure:6245: $? = 0
configure:6245: result: yes
configure:6245: checking for stropts.h
configure:6245: result: yes
configure:6245: checking errno.h usability
configure:6245: gcc -c -g -O2 -Wall  conftest.c >&5
configure:6245: $? = 0
configure:6245: result: yes
configure:6245: checking errno.h presence
configure:6245: gcc -E  conftest.c
configure:6245: $? = 0
configure:6245: result: yes
configure:6245: checking for errno.h
configure:6245: result: yes
configure:6245: checking for strings.h
configure:6245: result: yes
configure:6245: checking sys/systeminfo.h usability
configure:6245: gcc -c -g -O2 -Wall  conftest.c >&5
conftest.c:72:28: fatal error: sys/systeminfo.h: No such file or directory
 #include <sys/systeminfo.h>
                            ^
compilation terminated.
configure:6245: $? = 1
configure: failed program was:
| /* confdefs.h */
| #define PACKAGE_NAME ""
| #define PACKAGE_TARNAME ""
| #define PACKAGE_VERSION ""
| #define PACKAGE_STRING ""
| #define PACKAGE_BUGREPORT ""
| #define PACKAGE_URL ""
| #define UNIX 1
| #define HAVE_DATE_TIME 1
| #define STDC_HEADERS 1
| #define HAVE_SYS_TYPES_H 1
| #define HAVE_SYS_STAT_H 1
| #define HAVE_STDLIB_H 1
| #define HAVE_STRING_H 1
| #define HAVE_MEMORY_H 1
| #define HAVE_STRINGS_H 1
| #define HAVE_INTTYPES_H 1
| #define HAVE_STDINT_H 1
| #define HAVE_UNISTD_H 1
| #define SVR4 1
| #define HAVE_DIRENT_H 1
| #define STDC_HEADERS 1
| #define HAVE_SYS_WAIT_H 1
| #define HAVE_STDLIB_H 1
| #define HAVE_STRING_H 1
| #define HAVE_SYS_SELECT_H 1
| #define HAVE_SYS_UTSNAME_H 1
| #define HAVE_TERMCAP_H 1
| #define HAVE_FCNTL_H 1
| #define HAVE_SGTTY_H 1
| #define HAVE_SYS_IOCTL_H 1
| #define HAVE_SYS_TIME_H 1
| #define HAVE_TERMIO_H 1
| #define HAVE_UNISTD_H 1
| #define HAVE_STROPTS_H 1
| #define HAVE_ERRNO_H 1
| #define HAVE_STRINGS_H 1
| /* end confdefs.h.  */
| #include <stdio.h>
| #ifdef HAVE_SYS_TYPES_H
| # include <sys/types.h>
| #endif
| #ifdef HAVE_SYS_STAT_H
| # include <sys/stat.h>
| #endif
| #ifdef STDC_HEADERS
| # include <stdlib.h>
| # include <stddef.h>
| #else
| # ifdef HAVE_STDLIB_H
| #  include <stdlib.h>
| # endif
| #endif
| #ifdef HAVE_STRING_H
| # if !defined STDC_HEADERS && defined HAVE_MEMORY_H
| #  include <memory.h>
| # endif
| # include <string.h>
| #endif
| #ifdef HAVE_STRINGS_H
| # include <strings.h>
| #endif
| #ifdef HAVE_INTTYPES_H
| # include <inttypes.h>
| #endif
| #ifdef HAVE_STDINT_H
| # include <stdint.h>
| #endif
| #ifdef HAVE_UNISTD_H
| # include <unistd.h>
| #endif
| #include <sys/systeminfo.h>
configure:6245: result: no
configure:6245: checking sys/systeminfo.h presence
configure:6245: gcc -E  conftest.c
conftest.c:39:28: fatal error: sys/systeminfo.h: No such file or directory
 #include <sys/systeminfo.h>
                            ^
compilation terminated.
configure:6245: $? = 1
configure: failed program was:
| /* confdefs.h */
| #define PACKAGE_NAME ""
| #define PACKAGE_TARNAME ""
| #define PACKAGE_VERSION ""
| #define PACKAGE_STRING ""
| #define PACKAGE_BUGREPORT ""
| #define PACKAGE_URL ""
| #define UNIX 1
| #define HAVE_DATE_TIME 1
| #define STDC_HEADERS 1
| #define HAVE_SYS_TYPES_H 1
| #define HAVE_SYS_STAT_H 1
| #define HAVE_STDLIB_H 1
| #define HAVE_STRING_H 1
| #define HAVE_MEMORY_H 1
| #define HAVE_STRINGS_H 1
| #define HAVE_INTTYPES_H 1
| #define HAVE_STDINT_H 1
| #define HAVE_UNISTD_H 1
| #define SVR4 1
| #define HAVE_DIRENT_H 1
| #define STDC_HEADERS 1
| #define HAVE_SYS_WAIT_H 1
| #define HAVE_STDLIB_H 1
| #define HAVE_STRING_H 1
| #define HAVE_SYS_SELECT_H 1
| #define HAVE_SYS_UTSNAME_H 1
| #define HAVE_TERMCAP_H 1
| #define HAVE_FCNTL_H 1
| #define HAVE_SGTTY_H 1
| #define HAVE_SYS_IOCTL_H 1
| #define HAVE_SYS_TIME_H 1
| #define HAVE_TERMIO_H 1
| #define HAVE_UNISTD_H 1
| #define HAVE_STROPTS_H 1
| #define HAVE_ERRNO_H 1
| #define HAVE_STRINGS_H 1
| /* end confdefs.h.  */
| #include <sys/systeminfo.h>
configure:6245: result: no
configure:6245: checking for sys/systeminfo.h
configure:6245: result: no
configure:6245: checking locale.h usability
configure:6245: gcc -c -g -O2 -Wall  conftest.c >&5
configure:6245: $? = 0
configure:6245: result: yes
configure:6245: checking locale.h presence
configure:6245: gcc -E  conftest.c
configure:6245: $? = 0
configure:6245: result: yes
configure:6245: checking for locale.h
configure:6245: result: yes
configure:6245: checking sys/stream.h usability
configure:6245: gcc -c -g -O2 -Wall  conftest.c >&5
conftest.c:73:24: fatal error: sys/stream.h: No such file or directory
 #include <sys/stream.h>
                        ^
compilation terminated.
configure:6245: $? = 1
configure: failed program was:
| /* confdefs.h */
| #define PACKAGE_NAME ""
| #define PACKAGE_TARNAME ""
| #define PACKAGE_VERSION ""
| #define PACKAGE_STRING ""
| #define PACKAGE_BUGREPORT ""
| #define PACKAGE_URL ""
| #define UNIX 1
| #define HAVE_DATE_TIME 1
| #define STDC_HEADERS 1
| #define HAVE_SYS_TYPES_H 1
| #define HAVE_SYS_STAT_H 1
| #define HAVE_STDLIB_H 1
| #define HAVE_STRING_H 1
| #define HAVE_MEMORY_H 1
| #define HAVE_STRINGS_H 1
| #define HAVE_INTTYPES_H 1
| #define HAVE_STDINT_H 1
| #define HAVE_UNISTD_H 1
| #define SVR4 1
| #define HAVE_DIRENT_H 1
| #define STDC_HEADERS 1
| #define HAVE_SYS_WAIT_H 1
| #define HAVE_STDLIB_H 1
| #define HAVE_STRING_H 1
| #define HAVE_SYS_SELECT_H 1
| #define HAVE_SYS_UTSNAME_H 1
| #define HAVE_TERMCAP_H 1
| #define HAVE_FCNTL_H 1
| #define HAVE_SGTTY_H 1
| #define HAVE_SYS_IOCTL_H 1
| #define HAVE_SYS_TIME_H 1
| #define HAVE_TERMIO_H 1
| #define HAVE_UNISTD_H 1
| #define HAVE_STROPTS_H 1
| #define HAVE_ERRNO_H 1
| #define HAVE_STRINGS_H 1
| #define HAVE_LOCALE_H 1
| /* end confdefs.h.  */
| #include <stdio.h>
| #ifdef HAVE_SYS_TYPES_H
| # include <sys/types.h>
| #endif
| #ifdef HAVE_SYS_STAT_H
| # include <sys/stat.h>
| #endif
| #ifdef STDC_HEADERS
| # include <stdlib.h>
| # include <stddef.h>
| #else
| # ifdef HAVE_STDLIB_H
| #  include <stdlib.h>
| # endif
| #endif
| #ifdef HAVE_STRING_H
| # if !defined STDC_HEADERS && defined HAVE_MEMORY_H
| #  include <memory.h>
| # endif
| # include <string.h>
| #endif
| #ifdef HAVE_STRINGS_H
| # include <strings.h>
| #endif
| #ifdef HAVE_INTTYPES_H
| # include <inttypes.h>
| #endif
| #ifdef HAVE_STDINT_H
| # include <stdint.h>
| #endif
| #ifdef HAVE_UNISTD_H
| # include <unistd.h>
| #endif
| #include <sys/stream.h>
configure:6245: result: no
configure:6245: checking sys/stream.h presence
configure:6245: gcc -E  conftest.c
conftest.c:40:24: fatal error: sys/stream.h: No such file or directory
 #include <sys/stream.h>
                        ^
compilation terminated.
configure:6245: $? = 1
configure: failed program was:
| /* confdefs.h */
| #define PACKAGE_NAME ""
| #define PACKAGE_TARNAME ""
| #define PACKAGE_VERSION ""
| #define PACKAGE_STRING ""
| #define PACKAGE_BUGREPORT ""
| #define PACKAGE_URL ""
| #define UNIX 1
| #define HAVE_DATE_TIME 1
| #define STDC_HEADERS 1
| #define HAVE_SYS_TYPES_H 1
| #define HAVE_SYS_STAT_H 1
| #define HAVE_STDLIB_H 1
| #define HAVE_STRING_H 1
| #define HAVE_MEMORY_H 1
| #define HAVE_STRINGS_H 1
| #define HAVE_INTTYPES_H 1
| #define HAVE_STDINT_H 1
| #define HAVE_UNISTD_H 1
| #define SVR4 1
| #define HAVE_DIRENT_H 1
| #define STDC_HEADERS 1
| #define HAVE_SYS_WAIT_H 1
| #define HAVE_STDLIB_H 1
| #define HAVE_STRING_H 1
| #define HAVE_SYS_SELECT_H 1
| #define HAVE_SYS_UTSNAME_H 1
| #define HAVE_TERMCAP_H 1
| #define HAVE_FCNTL_H 1
| #define HAVE_SGTTY_H 1
| #define HAVE_SYS_IOCTL_H 1
| #define HAVE_SYS_TIME_H 1
| #define HAVE_TERMIO_H 1
| #define HAVE_UNISTD_H 1
| #define HAVE_STROPTS_H 1
| #define HAVE_ERRNO_H 1
| #define HAVE_STRINGS_H 1
| #define HAVE_LOCALE_H 1
| /* end confdefs.h.  */
| #include <sys/stream.h>
configure:6245: result: no
configure:6245: checking for sys/stream.h
configure:6245: result: no
configure:6245: checking sys/ptem.h usability
configure:6245: gcc -c -g -O2 -Wall  conftest.c >&5
conftest.c:73:22: fatal error: sys/ptem.h: No such file or directory
 #include <sys/ptem.h>
                      ^
compilation terminated.
configure:6245: $? = 1
configure: failed program was:
| /* confdefs.h */
| #define PACKAGE_NAME ""
| #define PACKAGE_TARNAME ""
| #define PACKAGE_VERSION ""
| #define PACKAGE_STRING ""
| #define PACKAGE_BUGREPORT ""
| #define PACKAGE_URL ""
| #define UNIX 1
| #define HAVE_DATE_TIME 1
| #define STDC_HEADERS 1
| #define HAVE_SYS_TYPES_H 1
| #define HAVE_SYS_STAT_H 1
| #define HAVE_STDLIB_H 1
| #define HAVE_STRING_H 1
| #define HAVE_MEMORY_H 1
| #define HAVE_STRINGS_H 1
| #define HAVE_INTTYPES_H 1
| #define HAVE_STDINT_H 1
| #define HAVE_UNISTD_H 1
| #define SVR4 1
| #define HAVE_DIRENT_H 1
| #define STDC_HEADERS 1
| #define HAVE_SYS_WAIT_H 1
| #define HAVE_STDLIB_H 1
| #define HAVE_STRING_H 1
| #define HAVE_SYS_SELECT_H 1
| #define HAVE_SYS_UTSNAME_H 1
| #define HAVE_TERMCAP_H 1
| #define HAVE_FCNTL_H 1
| #define HAVE_SGTTY_H 1
| #define HAVE_SYS_IOCTL_H 1
| #define HAVE_SYS_TIME_H 1
| #define HAVE_TERMIO_H 1
| #define HAVE_UNISTD_H 1
| #define HAVE_STROPTS_H 1
| #define HAVE_ERRNO_H 1
| #define HAVE_STRINGS_H 1
| #define HAVE_LOCALE_H 1
| /* end confdefs.h.  */
| #include <stdio.h>
| #ifdef HAVE_SYS_TYPES_H
| # include <sys/types.h>
| #endif
| #ifdef HAVE_SYS_STAT_H
| # include <sys/stat.h>
| #endif
| #ifdef STDC_HEADERS
| # include <stdlib.h>
| # include <stddef.h>
| #else
| # ifdef HAVE_STDLIB_H
| #  include <stdlib.h>
| # endif
| #endif
| #ifdef HAVE_STRING_H
| # if !defined STDC_HEADERS && defined HAVE_MEMORY_H
| #  include <memory.h>
| # endif
| # include <string.h>
| #endif
| #ifdef HAVE_STRINGS_H
| # include <strings.h>
| #endif
| #ifdef HAVE_INTTYPES_H
| # include <inttypes.h>
| #endif
| #ifdef HAVE_STDINT_H
| # include <stdint.h>
| #endif
| #ifdef HAVE_UNISTD_H
| # include <unistd.h>
| #endif
| #include <sys/ptem.h>
configure:6245: result: no
configure:6245: checking sys/ptem.h presence
configure:6245: gcc -E  conftest.c
conftest.c:40:22: fatal error: sys/ptem.h: No such file or directory
 #include <sys/ptem.h>
                      ^
compilation terminated.
configure:6245: $? = 1
configure: failed program was:
| /* confdefs.h */
| #define PACKAGE_NAME ""
| #define PACKAGE_TARNAME ""
| #define PACKAGE_VERSION ""
| #define PACKAGE_STRING ""
| #define PACKAGE_BUGREPORT ""
| #define PACKAGE_URL ""
| #define UNIX 1
| #define HAVE_DATE_TIME 1
| #define STDC_HEADERS 1
| #define HAVE_SYS_TYPES_H 1
| #define HAVE_SYS_STAT_H 1
| #define HAVE_STDLIB_H 1
| #define HAVE_STRING_H 1
| #define HAVE_MEMORY_H 1
| #define HAVE_STRINGS_H 1
| #define HAVE_INTTYPES_H 1
| #define HAVE_STDINT_H 1
| #define HAVE_UNISTD_H 1
| #define SVR4 1
| #define HAVE_DIRENT_H 1
| #define STDC_HEADERS 1
| #define HAVE_SYS_WAIT_H 1
| #define HAVE_STDLIB_H 1
| #define HAVE_STRING_H 1
| #define HAVE_SYS_SELECT_H 1
| #define HAVE_SYS_UTSNAME_H 1
| #define HAVE_TERMCAP_H 1
| #define HAVE_FCNTL_H 1
| #define HAVE_SGTTY_H 1
| #define HAVE_SYS_IOCTL_H 1
| #define HAVE_SYS_TIME_H 1
| #define HAVE_TERMIO_H 1
| #define HAVE_UNISTD_H 1
| #define HAVE_STROPTS_H 1
| #define HAVE_ERRNO_H 1
| #define HAVE_STRINGS_H 1
| #define HAVE_LOCALE_H 1
| /* end confdefs.h.  */
| #include <sys/ptem.h>
configure:6245: result: no
configure:6245: checking for sys/ptem.h
configure:6245: result: no
configure:6245: checking termios.h usability
configure:6245: gcc -c -g -O2 -Wall  conftest.c >&5
configure:6245: $? = 0
configure:6245: result: yes
configure:6245: checking termios.h presence
configure:6245: gcc -E  conftest.c
configure:6245: $? = 0
configure:6245: result: yes
configure:6245: checking for termios.h
configure:6245: result: yes
configure:6245: checking libc.h usability
configure:6245: gcc -c -g -O2 -Wall  conftest.c >&5
conftest.c:74:18: fatal error: libc.h: No such file or directory
 #include <libc.h>
                  ^
compilation terminated.
configure:6245: $? = 1
configure: failed program was:
| /* confdefs.h */
| #define PACKAGE_NAME ""
| #define PACKAGE_TARNAME ""
| #define PACKAGE_VERSION ""
| #define PACKAGE_STRING ""
| #define PACKAGE_BUGREPORT ""
| #define PACKAGE_URL ""
| #define UNIX 1
| #define HAVE_DATE_TIME 1
| #define STDC_HEADERS 1
| #define HAVE_SYS_TYPES_H 1
| #define HAVE_SYS_STAT_H 1
| #define HAVE_STDLIB_H 1
| #define HAVE_STRING_H 1
| #define HAVE_MEMORY_H 1
| #define HAVE_STRINGS_H 1
| #define HAVE_INTTYPES_H 1
| #define HAVE_STDINT_H 1
| #define HAVE_UNISTD_H 1
| #define SVR4 1
| #define HAVE_DIRENT_H 1
| #define STDC_HEADERS 1
| #define HAVE_SYS_WAIT_H 1
| #define HAVE_STDLIB_H 1
| #define HAVE_STRING_H 1
| #define HAVE_SYS_SELECT_H 1
| #define HAVE_SYS_UTSNAME_H 1
| #define HAVE_TERMCAP_H 1
| #define HAVE_FCNTL_H 1
| #define HAVE_SGTTY_H 1
| #define HAVE_SYS_IOCTL_H 1
| #define HAVE_SYS_TIME_H 1
| #define HAVE_TERMIO_H 1
| #define HAVE_UNISTD_H 1
| #define HAVE_STROPTS_H 1
| #define HAVE_ERRNO_H 1
| #define HAVE_STRINGS_H 1
| #define HAVE_LOCALE_H 1
| #define HAVE_TERMIOS_H 1
| /* end confdefs.h.  */
| #include <stdio.h>
| #ifdef HAVE_SYS_TYPES_H
| # include <sys/types.h>
| #endif
| #ifdef HAVE_SYS_STAT_H
| # include <sys/stat.h>
| #endif
| #ifdef STDC_HEADERS
| # include <stdlib.h>
| # include <stddef.h>
| #else
| # ifdef HAVE_STDLIB_H
| #  include <stdlib.h>
| # endif
| #endif
| #ifdef HAVE_STRING_H
| # if !defined STDC_HEADERS && defined HAVE_MEMORY_H
| #  include <memory.h>
| # endif
| # include <string.h>
| #endif
| #ifdef HAVE_STRINGS_H
| # include <strings.h>
| #endif
| #ifdef HAVE_INTTYPES_H
| # include <inttypes.h>
| #endif
| #ifdef HAVE_STDINT_H
| # include <stdint.h>
| #endif
| #ifdef HAVE_UNISTD_H
| # include <unistd.h>
| #endif
| #include <libc.h>
configure:6245: result: no
configure:6245: checking libc.h presence
configure:6245: gcc -E  conftest.c
conftest.c:41:18: fatal error: libc.h: No such file or directory
 #include <libc.h>
                  ^
compilation terminated.
configure:6245: $? = 1
configure: failed program was:
| /* confdefs.h */
| #define PACKAGE_NAME ""
| #define PACKAGE_TARNAME ""
| #define PACKAGE_VERSION ""
| #define PACKAGE_STRING ""
| #define PACKAGE_BUGREPORT ""
| #define PACKAGE_URL ""
| #define UNIX 1
| #define HAVE_DATE_TIME 1
| #define STDC_HEADERS 1
| #define HAVE_SYS_TYPES_H 1
| #define HAVE_SYS_STAT_H 1
| #define HAVE_STDLIB_H 1
| #define HAVE_STRING_H 1
| #define HAVE_MEMORY_H 1
| #define HAVE_STRINGS_H 1
| #define HAVE_INTTYPES_H 1
| #define HAVE_STDINT_H 1
| #define HAVE_UNISTD_H 1
| #define SVR4 1
| #define HAVE_DIRENT_H 1
| #define STDC_HEADERS 1
| #define HAVE_SYS_WAIT_H 1
| #define HAVE_STDLIB_H 1
| #define HAVE_STRING_H 1
| #define HAVE_SYS_SELECT_H 1
| #define HAVE_SYS_UTSNAME_H 1
| #define HAVE_TERMCAP_H 1
| #define HAVE_FCNTL_H 1
| #define HAVE_SGTTY_H 1
| #define HAVE_SYS_IOCTL_H 1
| #define HAVE_SYS_TIME_H 1
| #define HAVE_TERMIO_H 1
| #define HAVE_UNISTD_H 1
| #define HAVE_STROPTS_H 1
| #define HAVE_ERRNO_H 1
| #define HAVE_STRINGS_H 1
| #define HAVE_LOCALE_H 1
| #define HAVE_TERMIOS_H 1
| /* end confdefs.h.  */
| #include <libc.h>
configure:6245: result: no
configure:6245: checking for libc.h
configure:6245: result: no
configure:6245: checking sys/statfs.h usability
configure:6245: gcc -c -g -O2 -Wall  conftest.c >&5
configure:6245: $? = 0
configure:6245: result: yes
configure:6245: checking sys/statfs.h presence
configure:6245: gcc -E  conftest.c
configure:6245: $? = 0
configure:6245: result: yes
configure:6245: checking for sys/statfs.h
configure:6245: result: yes
configure:6245: checking poll.h usability
configure:6245: gcc -c -g -O2 -Wall  conftest.c >&5
configure:6245: $? = 0
configure:6245: result: yes
configure:6245: checking poll.h presence
configure:6245: gcc -E  conftest.c
configure:6245: $? = 0
configure:6245: result: yes
configure:6245: checking for poll.h
configure:6245: result: yes
configure:6245: checking sys/poll.h usability
configure:6245: gcc -c -g -O2 -Wall  conftest.c >&5
configure:6245: $? = 0
configure:6245: result: yes
configure:6245: checking sys/poll.h presence
configure:6245: gcc -E  conftest.c
configure:6245: $? = 0
configure:6245: result: yes
configure:6245: checking for sys/poll.h
configure:6245: result: yes
configure:6245: checking pwd.h usability
configure:6245: gcc -c -g -O2 -Wall  conftest.c >&5
configure:6245: $? = 0
configure:6245: result: yes
configure:6245: checking pwd.h presence
configure:6245: gcc -E  conftest.c
configure:6245: $? = 0
configure:6245: result: yes
configure:6245: checking for pwd.h
configure:6245: result: yes
configure:6245: checking utime.h usability
configure:6245: gcc -c -g -O2 -Wall  conftest.c >&5
configure:6245: $? = 0
configure:6245: result: yes
configure:6245: checking utime.h presence
configure:6245: gcc -E  conftest.c
configure:6245: $? = 0
configure:6245: result: yes
configure:6245: checking for utime.h
configure:6245: result: yes
configure:6245: checking sys/param.h usability
configure:6245: gcc -c -g -O2 -Wall  conftest.c >&5
configure:6245: $? = 0
configure:6245: result: yes
configure:6245: checking sys/param.h presence
configure:6245: gcc -E  conftest.c
configure:6245: $? = 0
configure:6245: result: yes
configure:6245: checking for sys/param.h
configure:6245: result: yes
configure:6245: checking Xm/Xm.h usability
configure:6245: gcc -c -g -O2 -Wall  conftest.c >&5
conftest.c:80:19: fatal error: Xm/Xm.h: No such file or directory
 #include <Xm/Xm.h>
                   ^
compilation terminated.
configure:6245: $? = 1
configure: failed program was:
| /* confdefs.h */
| #define PACKAGE_NAME ""
| #define PACKAGE_TARNAME ""
| #define PACKAGE_VERSION ""
| #define PACKAGE_STRING ""
| #define PACKAGE_BUGREPORT ""
| #define PACKAGE_URL ""
| #define UNIX 1
| #define HAVE_DATE_TIME 1
| #define STDC_HEADERS 1
| #define HAVE_SYS_TYPES_H 1
| #define HAVE_SYS_STAT_H 1
| #define HAVE_STDLIB_H 1
| #define HAVE_STRING_H 1
| #define HAVE_MEMORY_H 1
| #define HAVE_STRINGS_H 1
| #define HAVE_INTTYPES_H 1
| #define HAVE_STDINT_H 1
| #define HAVE_UNISTD_H 1
| #define SVR4 1
| #define HAVE_DIRENT_H 1
| #define STDC_HEADERS 1
| #define HAVE_SYS_WAIT_H 1
| #define HAVE_STDLIB_H 1
| #define HAVE_STRING_H 1
| #define HAVE_SYS_SELECT_H 1
| #define HAVE_SYS_UTSNAME_H 1
| #define HAVE_TERMCAP_H 1
| #define HAVE_FCNTL_H 1
| #define HAVE_SGTTY_H 1
| #define HAVE_SYS_IOCTL_H 1
| #define HAVE_SYS_TIME_H 1
| #define HAVE_TERMIO_H 1
| #define HAVE_UNISTD_H 1
| #define HAVE_STROPTS_H 1
| #define HAVE_ERRNO_H 1
| #define HAVE_STRINGS_H 1
| #define HAVE_LOCALE_H 1
| #define HAVE_TERMIOS_H 1
| #define HAVE_SYS_STATFS_H 1
| #define HAVE_POLL_H 1
| #define HAVE_SYS_POLL_H 1
| #define HAVE_PWD_H 1
| #define HAVE_UTIME_H 1
| #define HAVE_SYS_PARAM_H 1
| /* end confdefs.h.  */
| #include <stdio.h>
| #ifdef HAVE_SYS_TYPES_H
| # include <sys/types.h>
| #endif
| #ifdef HAVE_SYS_STAT_H
| # include <sys/stat.h>
| #endif
| #ifdef STDC_HEADERS
| # include <stdlib.h>
| # include <stddef.h>
| #else
| # ifdef HAVE_STDLIB_H
| #  include <stdlib.h>
| # endif
| #endif
| #ifdef HAVE_STRING_H
| # if !defined STDC_HEADERS && defined HAVE_MEMORY_H
| #  include <memory.h>
| # endif
| # include <string.h>
| #endif
| #ifdef HAVE_STRINGS_H
| # include <strings.h>
| #endif
| #ifdef HAVE_INTTYPES_H
| # include <inttypes.h>
| #endif
| #ifdef HAVE_STDINT_H
| # include <stdint.h>
| #endif
| #ifdef HAVE_UNISTD_H
| # include <unistd.h>
| #endif
| #include <Xm/Xm.h>
configure:6245: result: no
configure:6245: checking Xm/Xm.h presence
configure:6245: gcc -E  conftest.c
conftest.c:47:19: fatal error: Xm/Xm.h: No such file or directory
 #include <Xm/Xm.h>
                   ^
compilation terminated.
configure:6245: $? = 1
configure: failed program was:
| /* confdefs.h */
| #define PACKAGE_NAME ""
| #define PACKAGE_TARNAME ""
| #define PACKAGE_VERSION ""
| #define PACKAGE_STRING ""
| #define PACKAGE_BUGREPORT ""
| #define PACKAGE_URL ""
| #define UNIX 1
| #define HAVE_DATE_TIME 1
| #define STDC_HEADERS 1
| #define HAVE_SYS_TYPES_H 1
| #define HAVE_SYS_STAT_H 1
| #define HAVE_STDLIB_H 1
| #define HAVE_STRING_H 1
| #define HAVE_MEMORY_H 1
| #define HAVE_STRINGS_H 1
| #define HAVE_INTTYPES_H 1
| #define HAVE_STDINT_H 1
| #define HAVE_UNISTD_H 1
| #define SVR4 1
| #define HAVE_DIRENT_H 1
| #define STDC_HEADERS 1
| #define HAVE_SYS_WAIT_H 1
| #define HAVE_STDLIB_H 1
| #define HAVE_STRING_H 1
| #define HAVE_SYS_SELECT_H 1
| #define HAVE_SYS_UTSNAME_H 1
| #define HAVE_TERMCAP_H 1
| #define HAVE_FCNTL_H 1
| #define HAVE_SGTTY_H 1
| #define HAVE_SYS_IOCTL_H 1
| #define HAVE_SYS_TIME_H 1
| #define HAVE_TERMIO_H 1
| #define HAVE_UNISTD_H 1
| #define HAVE_STROPTS_H 1
| #define HAVE_ERRNO_H 1
| #define HAVE_STRINGS_H 1
| #define HAVE_LOCALE_H 1
| #define HAVE_TERMIOS_H 1
| #define HAVE_SYS_STATFS_H 1
| #define HAVE_POLL_H 1
| #define HAVE_SYS_POLL_H 1
| #define HAVE_PWD_H 1
| #define HAVE_UTIME_H 1
| #define HAVE_SYS_PARAM_H 1
| /* end confdefs.h.  */
| #include <Xm/Xm.h>
configure:6245: result: no
configure:6245: checking for Xm/Xm.h
configure:6245: result: no
configure:6256: checking if strings.h can be included after string.h
configure:6282: gcc -c -g -O2 -Wall  conftest.c >&5
conftest.c: In function 'main':
conftest.c:64:5: warning: variable 'i' set but not used [-Wunused-but-set-variable]
 int i; i = 0;
     ^
configure:6282: $? = 0
configure:6283: result: yes
configure:6294: checking whether gcc needs -traditional
configure:6328: result: no
configure:6335: checking for an ANSI C-conforming const
configure:6401: gcc -c -g -O2 -Wall  conftest.c >&5
configure:6401: $? = 0
configure:6408: result: yes
configure:6416: checking for mode_t
configure:6416: gcc -c -g -O2 -Wall  conftest.c >&5
configure:6416: $? = 0
configure:6416: gcc -c -g -O2 -Wall  conftest.c >&5
conftest.c: In function 'main':
conftest.c:83:21: error: expected expression before ')' token
 if (sizeof ((mode_t)))
                     ^
configure:6416: $? = 1
configure: failed program was:
| /* confdefs.h */
| #define PACKAGE_NAME ""
| #define PACKAGE_TARNAME ""
| #define PACKAGE_VERSION ""
| #define PACKAGE_STRING ""
| #define PACKAGE_BUGREPORT ""
| #define PACKAGE_URL ""
| #define UNIX 1
| #define HAVE_DATE_TIME 1
| #define STDC_HEADERS 1
| #define HAVE_SYS_TYPES_H 1
| #define HAVE_SYS_STAT_H 1
| #define HAVE_STDLIB_H 1
| #define HAVE_STRING_H 1
| #define HAVE_MEMORY_H 1
| #define HAVE_STRINGS_H 1
| #define HAVE_INTTYPES_H 1
| #define HAVE_STDINT_H 1
| #define HAVE_UNISTD_H 1
| #define SVR4 1
| #define HAVE_DIRENT_H 1
| #define STDC_HEADERS 1
| #define HAVE_SYS_WAIT_H 1
| #define HAVE_STDLIB_H 1
| #define HAVE_STRING_H 1
| #define HAVE_SYS_SELECT_H 1
| #define HAVE_SYS_UTSNAME_H 1
| #define HAVE_TERMCAP_H 1
| #define HAVE_FCNTL_H 1
| #define HAVE_SGTTY_H 1
| #define HAVE_SYS_IOCTL_H 1
| #define HAVE_SYS_TIME_H 1
| #define HAVE_TERMIO_H 1
| #define HAVE_UNISTD_H 1
| #define HAVE_STROPTS_H 1
| #define HAVE_ERRNO_H 1
| #define HAVE_STRINGS_H 1
| #define HAVE_LOCALE_H 1
| #define HAVE_TERMIOS_H 1
| #define HAVE_SYS_STATFS_H 1
| #define HAVE_POLL_H 1
| #define HAVE_SYS_POLL_H 1
| #define HAVE_PWD_H 1
| #define HAVE_UTIME_H 1
| #define HAVE_SYS_PARAM_H 1
| /* end confdefs.h.  */
| #include <stdio.h>
| #ifdef HAVE_SYS_TYPES_H
| # include <sys/types.h>
| #endif
| #ifdef HAVE_SYS_STAT_H
| # include <sys/stat.h>
| #endif
| #ifdef STDC_HEADERS
| # include <stdlib.h>
| # include <stddef.h>
| #else
| # ifdef HAVE_STDLIB_H
| #  include <stdlib.h>
| # endif
| #endif
| #ifdef HAVE_STRING_H
| # if !defined STDC_HEADERS && defined HAVE_MEMORY_H
| #  include <memory.h>
| # endif
| # include <string.h>
| #endif
| #ifdef HAVE_STRINGS_H
| # include <strings.h>
| #endif
| #ifdef HAVE_INTTYPES_H
| # include <inttypes.h>
| #endif
| #ifdef HAVE_STDINT_H
| # include <stdint.h>
| #endif
| #ifdef HAVE_UNISTD_H
| # include <unistd.h>
| #endif
| int
| main ()
| {
| if (sizeof ((mode_t)))
| 	    return 0;
|   ;
|   return 0;
| }
configure:6416: result: yes
configure:6427: checking for off_t
configure:6427: gcc -c -g -O2 -Wall  conftest.c >&5
configure:6427: $? = 0
configure:6427: gcc -c -g -O2 -Wall  conftest.c >&5
conftest.c: In function 'main':
conftest.c:83:20: error: expected expression before ')' token
 if (sizeof ((off_t)))
                    ^
configure:6427: $? = 1
configure: failed program was:
| /* confdefs.h */
| #define PACKAGE_NAME ""
| #define PACKAGE_TARNAME ""
| #define PACKAGE_VERSION ""
| #define PACKAGE_STRING ""
| #define PACKAGE_BUGREPORT ""
| #define PACKAGE_URL ""
| #define UNIX 1
| #define HAVE_DATE_TIME 1
| #define STDC_HEADERS 1
| #define HAVE_SYS_TYPES_H 1
| #define HAVE_SYS_STAT_H 1
| #define HAVE_STDLIB_H 1
| #define HAVE_STRING_H 1
| #define HAVE_MEMORY_H 1
| #define HAVE_STRINGS_H 1
| #define HAVE_INTTYPES_H 1
| #define HAVE_STDINT_H 1
| #define HAVE_UNISTD_H 1
| #define SVR4 1
| #define HAVE_DIRENT_H 1
| #define STDC_HEADERS 1
| #define HAVE_SYS_WAIT_H 1
| #define HAVE_STDLIB_H 1
| #define HAVE_STRING_H 1
| #define HAVE_SYS_SELECT_H 1
| #define HAVE_SYS_UTSNAME_H 1
| #define HAVE_TERMCAP_H 1
| #define HAVE_FCNTL_H 1
| #define HAVE_SGTTY_H 1
| #define HAVE_SYS_IOCTL_H 1
| #define HAVE_SYS_TIME_H 1
| #define HAVE_TERMIO_H 1
| #define HAVE_UNISTD_H 1
| #define HAVE_STROPTS_H 1
| #define HAVE_ERRNO_H 1
| #define HAVE_STRINGS_H 1
| #define HAVE_LOCALE_H 1
| #define HAVE_TERMIOS_H 1
| #define HAVE_SYS_STATFS_H 1
| #define HAVE_POLL_H 1
| #define HAVE_SYS_POLL_H 1
| #define HAVE_PWD_H 1
| #define HAVE_UTIME_H 1
| #define HAVE_SYS_PARAM_H 1
| /* end confdefs.h.  */
| #include <stdio.h>
| #ifdef HAVE_SYS_TYPES_H
| # include <sys/types.h>
| #endif
| #ifdef HAVE_SYS_STAT_H
| # include <sys/stat.h>
| #endif
| #ifdef STDC_HEADERS
| # include <stdlib.h>
| # include <stddef.h>
| #else
| # ifdef HAVE_STDLIB_H
| #  include <stdlib.h>
| # endif
| #endif
| #ifdef HAVE_STRING_H
| # if !defined STDC_HEADERS && defined HAVE_MEMORY_H
| #  include <memory.h>
| # endif
| # include <string.h>
| #endif
| #ifdef HAVE_STRINGS_H
| # include <strings.h>
| #endif
| #ifdef HAVE_INTTYPES_H
| # include <inttypes.h>
| #endif
| #ifdef HAVE_STDINT_H
| # include <stdint.h>
| #endif
| #ifdef HAVE_UNISTD_H
| # include <unistd.h>
| #endif
| int
| main ()
| {
| if (sizeof ((off_t)))
| 	    return 0;
|   ;
|   return 0;
| }
configure:6427: result: yes
configure:6438: checking for pid_t
configure:6438: gcc -c -g -O2 -Wall  conftest.c >&5
configure:6438: $? = 0
configure:6438: gcc -c -g -O2 -Wall  conftest.c >&5
conftest.c: In function 'main':
conftest.c:83:20: error: expected expression before ')' token
 if (sizeof ((pid_t)))
                    ^
configure:6438: $? = 1
configure: failed program was:
| /* confdefs.h */
| #define PACKAGE_NAME ""
| #define PACKAGE_TARNAME ""
| #define PACKAGE_VERSION ""
| #define PACKAGE_STRING ""
| #define PACKAGE_BUGREPORT ""
| #define PACKAGE_URL ""
| #define UNIX 1
| #define HAVE_DATE_TIME 1
| #define STDC_HEADERS 1
| #define HAVE_SYS_TYPES_H 1
| #define HAVE_SYS_STAT_H 1
| #define HAVE_STDLIB_H 1
| #define HAVE_STRING_H 1
| #define HAVE_MEMORY_H 1
| #define HAVE_STRINGS_H 1
| #define HAVE_INTTYPES_H 1
| #define HAVE_STDINT_H 1
| #define HAVE_UNISTD_H 1
| #define SVR4 1
| #define HAVE_DIRENT_H 1
| #define STDC_HEADERS 1
| #define HAVE_SYS_WAIT_H 1
| #define HAVE_STDLIB_H 1
| #define HAVE_STRING_H 1
| #define HAVE_SYS_SELECT_H 1
| #define HAVE_SYS_UTSNAME_H 1
| #define HAVE_TERMCAP_H 1
| #define HAVE_FCNTL_H 1
| #define HAVE_SGTTY_H 1
| #define HAVE_SYS_IOCTL_H 1
| #define HAVE_SYS_TIME_H 1
| #define HAVE_TERMIO_H 1
| #define HAVE_UNISTD_H 1
| #define HAVE_STROPTS_H 1
| #define HAVE_ERRNO_H 1
| #define HAVE_STRINGS_H 1
| #define HAVE_LOCALE_H 1
| #define HAVE_TERMIOS_H 1
| #define HAVE_SYS_STATFS_H 1
| #define HAVE_POLL_H 1
| #define HAVE_SYS_POLL_H 1
| #define HAVE_PWD_H 1
| #define HAVE_UTIME_H 1
| #define HAVE_SYS_PARAM_H 1
| /* end confdefs.h.  */
| #include <stdio.h>
| #ifdef HAVE_SYS_TYPES_H
| # include <sys/types.h>
| #endif
| #ifdef HAVE_SYS_STAT_H
| # include <sys/stat.h>
| #endif
| #ifdef STDC_HEADERS
| # include <stdlib.h>
| # include <stddef.h>
| #else
| # ifdef HAVE_STDLIB_H
| #  include <stdlib.h>
| # endif
| #endif
| #ifdef HAVE_STRING_H
| # if !defined STDC_HEADERS && defined HAVE_MEMORY_H
| #  include <memory.h>
| # endif
| # include <string.h>
| #endif
| #ifdef HAVE_STRINGS_H
| # include <strings.h>
| #endif
| #ifdef HAVE_INTTYPES_H
| # include <inttypes.h>
| #endif
| #ifdef HAVE_STDINT_H
| # include <stdint.h>
| #endif
| #ifdef HAVE_UNISTD_H
| # include <unistd.h>
| #endif
| int
| main ()
| {
| if (sizeof ((pid_t)))
| 	    return 0;
|   ;
|   return 0;
| }
configure:6438: result: yes
configure:6449: checking for size_t
configure:6449: gcc -c -g -O2 -Wall  conftest.c >&5
configure:6449: $? = 0
configure:6449: gcc -c -g -O2 -Wall  conftest.c >&5
conftest.c: In function 'main':
conftest.c:83:21: error: expected expression before ')' token
 if (sizeof ((size_t)))
                     ^
configure:6449: $? = 1
configure: failed program was:
| /* confdefs.h */
| #define PACKAGE_NAME ""
| #define PACKAGE_TARNAME ""
| #define PACKAGE_VERSION ""
| #define PACKAGE_STRING ""
| #define PACKAGE_BUGREPORT ""
| #define PACKAGE_URL ""
| #define UNIX 1
| #define HAVE_DATE_TIME 1
| #define STDC_HEADERS 1
| #define HAVE_SYS_TYPES_H 1
| #define HAVE_SYS_STAT_H 1
| #define HAVE_STDLIB_H 1
| #define HAVE_STRING_H 1
| #define HAVE_MEMORY_H 1
| #define HAVE_STRINGS_H 1
| #define HAVE_INTTYPES_H 1
| #define HAVE_STDINT_H 1
| #define HAVE_UNISTD_H 1
| #define SVR4 1
| #define HAVE_DIRENT_H 1
| #define STDC_HEADERS 1
| #define HAVE_SYS_WAIT_H 1
| #define HAVE_STDLIB_H 1
| #define HAVE_STRING_H 1
| #define HAVE_SYS_SELECT_H 1
| #define HAVE_SYS_UTSNAME_H 1
| #define HAVE_TERMCAP_H 1
| #define HAVE_FCNTL_H 1
| #define HAVE_SGTTY_H 1
| #define HAVE_SYS_IOCTL_H 1
| #define HAVE_SYS_TIME_H 1
| #define HAVE_TERMIO_H 1
| #define HAVE_UNISTD_H 1
| #define HAVE_STROPTS_H 1
| #define HAVE_ERRNO_H 1
| #define HAVE_STRINGS_H 1
| #define HAVE_LOCALE_H 1
| #define HAVE_TERMIOS_H 1
| #define HAVE_SYS_STATFS_H 1
| #define HAVE_POLL_H 1
| #define HAVE_SYS_POLL_H 1
| #define HAVE_PWD_H 1
| #define HAVE_UTIME_H 1
| #define HAVE_SYS_PARAM_H 1
| /* end confdefs.h.  */
| #include <stdio.h>
| #ifdef HAVE_SYS_TYPES_H
| # include <sys/types.h>
| #endif
| #ifdef HAVE_SYS_STAT_H
| # include <sys/stat.h>
| #endif
| #ifdef STDC_HEADERS
| # include <stdlib.h>
| # include <stddef.h>
| #else
| # ifdef HAVE_STDLIB_H
| #  include <stdlib.h>
| # endif
| #endif
| #ifdef HAVE_STRING_H
| # if !defined STDC_HEADERS && defined HAVE_MEMORY_H
| #  include <memory.h>
| # endif
| # include <string.h>
| #endif
| #ifdef HAVE_STRINGS_H
| # include <strings.h>
| #endif
| #ifdef HAVE_INTTYPES_H
| # include <inttypes.h>
| #endif
| #ifdef HAVE_STDINT_H
| # include <stdint.h>
| #endif
| #ifdef HAVE_UNISTD_H
| # include <unistd.h>
| #endif
| int
| main ()
| {
| if (sizeof ((size_t)))
| 	    return 0;
|   ;
|   return 0;
| }
configure:6449: result: yes
configure:6460: checking for uid_t in sys/types.h
configure:6479: result: yes
configure:6490: checking whether time.h and sys/time.h may both be included
configure:6510: gcc -c -g -O2 -Wall  conftest.c >&5
configure:6510: $? = 0
configure:6517: result: yes
configure:6525: checking for ino_t
configure:6525: gcc -c -g -O2 -Wall  conftest.c >&5
configure:6525: $? = 0
configure:6525: gcc -c -g -O2 -Wall  conftest.c >&5
conftest.c: In function 'main':
conftest.c:84:20: error: expected expression before ')' token
 if (sizeof ((ino_t)))
                    ^
configure:6525: $? = 1
configure: failed program was:
| /* confdefs.h */
| #define PACKAGE_NAME ""
| #define PACKAGE_TARNAME ""
| #define PACKAGE_VERSION ""
| #define PACKAGE_STRING ""
| #define PACKAGE_BUGREPORT ""
| #define PACKAGE_URL ""
| #define UNIX 1
| #define HAVE_DATE_TIME 1
| #define STDC_HEADERS 1
| #define HAVE_SYS_TYPES_H 1
| #define HAVE_SYS_STAT_H 1
| #define HAVE_STDLIB_H 1
| #define HAVE_STRING_H 1
| #define HAVE_MEMORY_H 1
| #define HAVE_STRINGS_H 1
| #define HAVE_INTTYPES_H 1
| #define HAVE_STDINT_H 1
| #define HAVE_UNISTD_H 1
| #define SVR4 1
| #define HAVE_DIRENT_H 1
| #define STDC_HEADERS 1
| #define HAVE_SYS_WAIT_H 1
| #define HAVE_STDLIB_H 1
| #define HAVE_STRING_H 1
| #define HAVE_SYS_SELECT_H 1
| #define HAVE_SYS_UTSNAME_H 1
| #define HAVE_TERMCAP_H 1
| #define HAVE_FCNTL_H 1
| #define HAVE_SGTTY_H 1
| #define HAVE_SYS_IOCTL_H 1
| #define HAVE_SYS_TIME_H 1
| #define HAVE_TERMIO_H 1
| #define HAVE_UNISTD_H 1
| #define HAVE_STROPTS_H 1
| #define HAVE_ERRNO_H 1
| #define HAVE_STRINGS_H 1
| #define HAVE_LOCALE_H 1
| #define HAVE_TERMIOS_H 1
| #define HAVE_SYS_STATFS_H 1
| #define HAVE_POLL_H 1
| #define HAVE_SYS_POLL_H 1
| #define HAVE_PWD_H 1
| #define HAVE_UTIME_H 1
| #define HAVE_SYS_PARAM_H 1
| #define TIME_WITH_SYS_TIME 1
| /* end confdefs.h.  */
| #include <stdio.h>
| #ifdef HAVE_SYS_TYPES_H
| # include <sys/types.h>
| #endif
| #ifdef HAVE_SYS_STAT_H
| # include <sys/stat.h>
| #endif
| #ifdef STDC_HEADERS
| # include <stdlib.h>
| # include <stddef.h>
| #else
| # ifdef HAVE_STDLIB_H
| #  include <stdlib.h>
| # endif
| #endif
| #ifdef HAVE_STRING_H
| # if !defined STDC_HEADERS && defined HAVE_MEMORY_H
| #  include <memory.h>
| # endif
| # include <string.h>
| #endif
| #ifdef HAVE_STRINGS_H
| # include <strings.h>
| #endif
| #ifdef HAVE_INTTYPES_H
| # include <inttypes.h>
| #endif
| #ifdef HAVE_STDINT_H
| # include <stdint.h>
| #endif
| #ifdef HAVE_UNISTD_H
| # include <unistd.h>
| #endif
| int
| main ()
| {
| if (sizeof ((ino_t)))
| 	    return 0;
|   ;
|   return 0;
| }
configure:6525: result: yes
configure:6538: checking --with-tlib argument
configure:6551: result: automatic terminal library selection
configure:6559: checking for tgetent in -lncurses
configure:6584: gcc -o conftest -g -O2 -Wall   conftest.c -lncurses   >&5
configure:6584: $? = 0
configure:6594: result: yes
configure:6617: gcc -o conftest -g -O2 -Wall   conftest.c -lncurses  >&5
conftest.c:53:1: warning: return type defaults to 'int' [-Wreturn-type]
 main() {char *s; s=(char *)tgoto("%p1%d", 0, 1); exit(0); }
 ^
conftest.c: In function 'main':
conftest.c:53:1: warning: implicit declaration of function 'exit' [-Wimplicit-function-declaration]
conftest.c:53:50: warning: incompatible implicit declaration of built-in function 'exit' [enabled by default]
 main() {char *s; s=(char *)tgoto("%p1%d", 0, 1); exit(0); }
                                                  ^
conftest.c:53:15: warning: variable 's' set but not used [-Wunused-but-set-variable]
 main() {char *s; s=(char *)tgoto("%p1%d", 0, 1); exit(0); }
               ^
configure:6617: $? = 0
configure:6617: ./conftest
configure:6617: $? = 0
configure:6636: checking whether we talk terminfo
configure:6650: gcc -o conftest -g -O2 -Wall   conftest.c -lncurses  >&5
conftest.c:53:1: warning: return type defaults to 'int' [-Wreturn-type]
 main()
 ^
conftest.c: In function 'main':
conftest.c:54:1: warning: implicit declaration of function 'exit' [-Wimplicit-function-declaration]
 {char *s; s=(char *)tgoto("%p1%d", 0, 1); exit(!strcmp(s==0 ? "" : s, "1")); }
 ^
conftest.c:54:43: warning: incompatible implicit declaration of built-in function 'exit' [enabled by default]
 {char *s; s=(char *)tgoto("%p1%d", 0, 1); exit(!strcmp(s==0 ? "" : s, "1")); }
                                           ^
conftest.c:54:1: warning: implicit declaration of function 'strcmp' [-Wimplicit-function-declaration]
 {char *s; s=(char *)tgoto("%p1%d", 0, 1); exit(!strcmp(s==0 ? "" : s, "1")); }
 ^
configure:6650: $? = 0
configure:6650: ./conftest
configure:6650: $? = 1
configure: program exited with status 1
configure: failed program was:
| /* confdefs.h */
| #define PACKAGE_NAME ""
| #define PACKAGE_TARNAME ""
| #define PACKAGE_VERSION ""
| #define PACKAGE_STRING ""
| #define PACKAGE_BUGREPORT ""
| #define PACKAGE_URL ""
| #define UNIX 1
| #define HAVE_DATE_TIME 1
| #define STDC_HEADERS 1
| #define HAVE_SYS_TYPES_H 1
| #define HAVE_SYS_STAT_H 1
| #define HAVE_STDLIB_H 1
| #define HAVE_STRING_H 1
| #define HAVE_MEMORY_H 1
| #define HAVE_STRINGS_H 1
| #define HAVE_INTTYPES_H 1
| #define HAVE_STDINT_H 1
| #define HAVE_UNISTD_H 1
| #define SVR4 1
| #define HAVE_DIRENT_H 1
| #define STDC_HEADERS 1
| #define HAVE_SYS_WAIT_H 1
| #define HAVE_STDLIB_H 1
| #define HAVE_STRING_H 1
| #define HAVE_SYS_SELECT_H 1
| #define HAVE_SYS_UTSNAME_H 1
| #define HAVE_TERMCAP_H 1
| #define HAVE_FCNTL_H 1
| #define HAVE_SGTTY_H 1
| #define HAVE_SYS_IOCTL_H 1
| #define HAVE_SYS_TIME_H 1
| #define HAVE_TERMIO_H 1
| #define HAVE_UNISTD_H 1
| #define HAVE_STROPTS_H 1
| #define HAVE_ERRNO_H 1
| #define HAVE_STRINGS_H 1
| #define HAVE_LOCALE_H 1
| #define HAVE_TERMIOS_H 1
| #define HAVE_SYS_STATFS_H 1
| #define HAVE_POLL_H 1
| #define HAVE_SYS_POLL_H 1
| #define HAVE_PWD_H 1
| #define HAVE_UTIME_H 1
| #define HAVE_SYS_PARAM_H 1
| #define TIME_WITH_SYS_TIME 1
| #define HAVE_LIBNCURSES 1
| /* end confdefs.h.  */
| 
| #ifdef HAVE_TERMCAP_H
| # include <termcap.h>
| #endif
| main()
| {char *s; s=(char *)tgoto("%p1%d", 0, 1); exit(!strcmp(s==0 ? "" : s, "1")); }
configure:6654: result: yes -- terminfo spoken here
configure:6667: checking whether termcap.h contains ospeed
configure:6684: gcc -o conftest -g -O2 -Wall   conftest.c -lncurses  >&5
configure:6684: $? = 0
configure:6685: result: yes
configure:6724: checking whether termcap.h contains UP, BC and PC
configure:6741: gcc -o conftest -g -O2 -Wall   conftest.c -lncurses  >&5
configure:6741: $? = 0
configure:6742: result: yes
configure:6781: checking whether tputs() uses outfuntype
configure:6798: gcc -c -g -O2 -Wall  conftest.c >&5
conftest.c: In function 'main':
conftest.c:60:36: error: 'outfuntype' undeclared (first use in this function)
 extern int xx(); tputs("test", 1, (outfuntype)xx)
                                    ^
conftest.c:60:36: note: each undeclared identifier is reported only once for each function it appears in
conftest.c:60:47: error: expected ')' before 'xx'
 extern int xx(); tputs("test", 1, (outfuntype)xx)
                                               ^
configure:6798: $? = 1
configure: failed program was:
| /* confdefs.h */
| #define PACKAGE_NAME ""
| #define PACKAGE_TARNAME ""
| #define PACKAGE_VERSION ""
| #define PACKAGE_STRING ""
| #define PACKAGE_BUGREPORT ""
| #define PACKAGE_URL ""
| #define UNIX 1
| #define HAVE_DATE_TIME 1
| #define STDC_HEADERS 1
| #define HAVE_SYS_TYPES_H 1
| #define HAVE_SYS_STAT_H 1
| #define HAVE_STDLIB_H 1
| #define HAVE_STRING_H 1
| #define HAVE_MEMORY_H 1
| #define HAVE_STRINGS_H 1
| #define HAVE_INTTYPES_H 1
| #define HAVE_STDINT_H 1
| #define HAVE_UNISTD_H 1
| #define SVR4 1
| #define HAVE_DIRENT_H 1
| #define STDC_HEADERS 1
| #define HAVE_SYS_WAIT_H 1
| #define HAVE_STDLIB_H 1
| #define HAVE_STRING_H 1
| #define HAVE_SYS_SELECT_H 1
| #define HAVE_SYS_UTSNAME_H 1
| #define HAVE_TERMCAP_H 1
| #define HAVE_FCNTL_H 1
| #define HAVE_SGTTY_H 1
| #define HAVE_SYS_IOCTL_H 1
| #define HAVE_SYS_TIME_H 1
| #define HAVE_TERMIO_H 1
| #define HAVE_UNISTD_H 1
| #define HAVE_STROPTS_H 1
| #define HAVE_ERRNO_H 1
| #define HAVE_STRINGS_H 1
| #define HAVE_LOCALE_H 1
| #define HAVE_TERMIOS_H 1
| #define HAVE_SYS_STATFS_H 1
| #define HAVE_POLL_H 1
| #define HAVE_SYS_POLL_H 1
| #define HAVE_PWD_H 1
| #define HAVE_UTIME_H 1
| #define HAVE_SYS_PARAM_H 1
| #define TIME_WITH_SYS_TIME 1
| #define HAVE_LIBNCURSES 1
| #define TERMINFO 1
| #define HAVE_OSPEED 1
| #define HAVE_UP_BC_PC 1
| /* end confdefs.h.  */
| 
| #ifdef HAVE_TERMCAP_H
| # include <termcap.h>
| #endif
| 
| int
| main ()
| {
| extern int xx(); tputs("test", 1, (outfuntype)xx)
|   ;
|   return 0;
| }
configure:6803: result: no
configure:6808: checking whether sys/select.h and sys/time.h may both be included
configure:6824: gcc -c -g -O2 -Wall  conftest.c >&5
configure:6824: $? = 0
configure:6825: result: yes
configure:6837: checking return type of signal handlers
configure:6855: gcc -c -g -O2 -Wall  conftest.c >&5
conftest.c: In function 'main':
conftest.c:59:1: error: void value not ignored as it ought to be
 return *(signal (0, 0)) (0) == 1;
 ^
configure:6855: $? = 1
configure: failed program was:
| /* confdefs.h */
| #define PACKAGE_NAME ""
| #define PACKAGE_TARNAME ""
| #define PACKAGE_VERSION ""
| #define PACKAGE_STRING ""
| #define PACKAGE_BUGREPORT ""
| #define PACKAGE_URL ""
| #define UNIX 1
| #define HAVE_DATE_TIME 1
| #define STDC_HEADERS 1
| #define HAVE_SYS_TYPES_H 1
| #define HAVE_SYS_STAT_H 1
| #define HAVE_STDLIB_H 1
| #define HAVE_STRING_H 1
| #define HAVE_MEMORY_H 1
| #define HAVE_STRINGS_H 1
| #define HAVE_INTTYPES_H 1
| #define HAVE_STDINT_H 1
| #define HAVE_UNISTD_H 1
| #define SVR4 1
| #define HAVE_DIRENT_H 1
| #define STDC_HEADERS 1
| #define HAVE_SYS_WAIT_H 1
| #define HAVE_STDLIB_H 1
| #define HAVE_STRING_H 1
| #define HAVE_SYS_SELECT_H 1
| #define HAVE_SYS_UTSNAME_H 1
| #define HAVE_TERMCAP_H 1
| #define HAVE_FCNTL_H 1
| #define HAVE_SGTTY_H 1
| #define HAVE_SYS_IOCTL_H 1
| #define HAVE_SYS_TIME_H 1
| #define HAVE_TERMIO_H 1
| #define HAVE_UNISTD_H 1
| #define HAVE_STROPTS_H 1
| #define HAVE_ERRNO_H 1
| #define HAVE_STRINGS_H 1
| #define HAVE_LOCALE_H 1
| #define HAVE_TERMIOS_H 1
| #define HAVE_SYS_STATFS_H 1
| #define HAVE_POLL_H 1
| #define HAVE_SYS_POLL_H 1
| #define HAVE_PWD_H 1
| #define HAVE_UTIME_H 1
| #define HAVE_SYS_PARAM_H 1
| #define TIME_WITH_SYS_TIME 1
| #define HAVE_LIBNCURSES 1
| #define TERMINFO 1
| #define HAVE_OSPEED 1
| #define HAVE_UP_BC_PC 1
| #define SYS_SELECT_WITH_SYS_TIME 1
| /* end confdefs.h.  */
| #include <sys/types.h>
| #include <signal.h>
| 
| int
| main ()
| {
| return *(signal (0, 0)) (0) == 1;
|   ;
|   return 0;
| }
configure:6862: result: void
configure:6879: checking for struct sigcontext
configure:6899: gcc -c -g -O2 -Wall  conftest.c >&5
conftest.c:57:1: warning: return type defaults to 'int' [-Wreturn-type]
 test_sig()
 ^
conftest.c: In function 'test_sig':
conftest.c:59:24: warning: variable 'scont' set but not used [-Wunused-but-set-variable]
     struct sigcontext *scont;
                        ^
configure:6899: $? = 0
configure:6900: result: yes
configure:6910: checking getcwd implementation
configure:6927: gcc -o conftest -g -O2 -Wall   conftest.c -lncurses  >&5
conftest.c:58:1: warning: return type defaults to 'int' [-Wreturn-type]
 main()
 ^
conftest.c: In function 'main':
conftest.c:63:3: warning: implicit declaration of function 'getcwd' [-Wimplicit-function-declaration]
   return getcwd(buffer, 500) ? 0 : 1;
   ^
configure:6927: $? = 0
configure:6927: ./conftest
configure:6927: $? = 0
configure:6928: result: it is usable
configure:6947: checking for bcmp
configure:6947: gcc -o conftest -g -O2 -Wall   conftest.c -lncurses  >&5
conftest.c:79:6: warning: conflicting types for built-in function 'bcmp' [enabled by default]
 char bcmp ();
      ^
configure:6947: $? = 0
configure:6947: result: yes
configure:6947: checking for fchdir
configure:6947: gcc -o conftest -g -O2 -Wall   conftest.c -lncurses  >&5
configure:6947: $? = 0
configure:6947: result: yes
configure:6947: checking for fchown
configure:6947: gcc -o conftest -g -O2 -Wall   conftest.c -lncurses  >&5
configure:6947: $? = 0
configure:6947: result: yes
configure:6947: checking for fseeko
configure:6947: gcc -o conftest -g -O2 -Wall   conftest.c -lncurses  >&5
configure:6947: $? = 0
configure:6947: result: yes
configure:6947: checking for fsync
configure:6947: gcc -o conftest -g -O2 -Wall   conftest.c -lncurses  >&5
configure:6947: $? = 0
configure:6947: result: yes
configure:6947: checking for ftello
configure:6947: gcc -o conftest -g -O2 -Wall   conftest.c -lncurses  >&5
configure:6947: $? = 0
configure:6947: result: yes
configure:6947: checking for getcwd
configure:6947: gcc -o conftest -g -O2 -Wall   conftest.c -lncurses  >&5
configure:6947: $? = 0
configure:6947: result: yes
configure:6947: checking for getpwnam
configure:6947: gcc -o conftest -g -O2 -Wall   conftest.c -lncurses  >&5
configure:6947: $? = 0
configure:6947: result: yes
configure:6947: checking for getpwuid
configure:6947: gcc -o conftest -g -O2 -Wall   conftest.c -lncurses  >&5
configure:6947: $? = 0
configure:6947: result: yes
configure:6947: checking for gettimeofday
configure:6947: gcc -o conftest -g -O2 -Wall   conftest.c -lncurses  >&5
configure:6947: $? = 0
configure:6947: result: yes
configure:6947: checking for getwd
configure:6947: gcc -o conftest -g -O2 -Wall   conftest.c -lncurses  >&5
/tmp/ccK19Fwl.o: In function `main':
/home/june/project/ParaDySE/benchmarks/vim-5.7/src/conftest.c:100: warning: the `getwd' function is dangerous and should not be used.
configure:6947: $? = 0
configure:6947: result: yes
configure:6947: checking for lstat
configure:6947: gcc -o conftest -g -O2 -Wall   conftest.c -lncurses  >&5
configure:6947: $? = 0
configure:6947: result: yes
configure:6947: checking for memcmp
configure:6947: gcc -o conftest -g -O2 -Wall   conftest.c -lncurses  >&5
conftest.c:91:6: warning: conflicting types for built-in function 'memcmp' [enabled by default]
 char memcmp ();
      ^
configure:6947: $? = 0
configure:6947: result: yes
configure:6947: checking for memset
configure:6947: gcc -o conftest -g -O2 -Wall   conftest.c -lncurses  >&5
conftest.c:92:6: warning: conflicting types for built-in function 'memset' [enabled by default]
 char memset ();
      ^
configure:6947: $? = 0
configure:6947: result: yes
configure:6947: checking for nanosleep
configure:6947: gcc -o conftest -g -O2 -Wall   conftest.c -lncurses  >&5
configure:6947: $? = 0
configure:6947: result: yes
configure:6947: checking for opendir
configure:6947: gcc -o conftest -g -O2 -Wall   conftest.c -lncurses  >&5
configure:6947: $? = 0
configure:6947: result: yes
configure:6947: checking for putenv
configure:6947: gcc -o conftest -g -O2 -Wall   conftest.c -lncurses  >&5
configure:6947: $? = 0
configure:6947: result: yes
configure:6947: checking for qsort
configure:6947: gcc -o conftest -g -O2 -Wall   conftest.c -lncurses  >&5
configure:6947: $? = 0
configure:6947: result: yes
configure:6947: checking for select
configure:6947: gcc -o conftest -g -O2 -Wall   conftest.c -lncurses  >&5
configure:6947: $? = 0
configure:6947: result: yes
configure:6947: checking for setenv
configure:6947: gcc -o conftest -g -O2 -Wall   conftest.c -lncurses  >&5
configure:6947: $? = 0
configure:6947: result: yes
configure:6947: checking for setpgid
configure:6947: gcc -o conftest -g -O2 -Wall   conftest.c -lncurses  >&5
configure:6947: $? = 0
configure:6947: result: yes
configure:6947: checking for setsid
configure:6947: gcc -o conftest -g -O2 -Wall   conftest.c -lncurses  >&5
configure:6947: $? = 0
configure:6947: result: yes
configure:6947: checking for sigset
configure:6947: gcc -o conftest -g -O2 -Wall   conftest.c -lncurses  >&5
configure:6947: $? = 0
configure:6947: result: yes
configure:6947: checking for strcasecmp
configure:6947: gcc -o conftest -g -O2 -Wall   conftest.c -lncurses  >&5
conftest.c:102:6: warning: conflicting types for built-in function 'strcasecmp' [enabled by default]
 char strcasecmp ();
      ^
configure:6947: $? = 0
configure:6947: result: yes
configure:6947: checking for strerror
configure:6947: gcc -o conftest -g -O2 -Wall   conftest.c -lncurses  >&5
configure:6947: $? = 0
configure:6947: result: yes
configure:6947: checking for strftime
configure:6947: gcc -o conftest -g -O2 -Wall   conftest.c -lncurses  >&5
conftest.c:104:6: warning: conflicting types for built-in function 'strftime' [enabled by default]
 char strftime ();
      ^
configure:6947: $? = 0
configure:6947: result: yes
configure:6947: checking for stricmp
configure:6947: gcc -o conftest -g -O2 -Wall   conftest.c -lncurses  >&5
/tmp/ccbOudno.o: In function `main':
/home/june/project/ParaDySE/benchmarks/vim-5.7/src/conftest.c:116: undefined reference to `stricmp'
collect2: error: ld returned 1 exit status
configure:6947: $? = 1
configure: failed program was:
| /* confdefs.h */
| #define PACKAGE_NAME ""
| #define PACKAGE_TARNAME ""
| #define PACKAGE_VERSION ""
| #define PACKAGE_STRING ""
| #define PACKAGE_BUGREPORT ""
| #define PACKAGE_URL ""
| #define UNIX 1
| #define HAVE_DATE_TIME 1
| #define STDC_HEADERS 1
| #define HAVE_SYS_TYPES_H 1
| #define HAVE_SYS_STAT_H 1
| #define HAVE_STDLIB_H 1
| #define HAVE_STRING_H 1
| #define HAVE_MEMORY_H 1
| #define HAVE_STRINGS_H 1
| #define HAVE_INTTYPES_H 1
| #define HAVE_STDINT_H 1
| #define HAVE_UNISTD_H 1
| #define SVR4 1
| #define HAVE_DIRENT_H 1
| #define STDC_HEADERS 1
| #define HAVE_SYS_WAIT_H 1
| #define HAVE_STDLIB_H 1
| #define HAVE_STRING_H 1
| #define HAVE_SYS_SELECT_H 1
| #define HAVE_SYS_UTSNAME_H 1
| #define HAVE_TERMCAP_H 1
| #define HAVE_FCNTL_H 1
| #define HAVE_SGTTY_H 1
| #define HAVE_SYS_IOCTL_H 1
| #define HAVE_SYS_TIME_H 1
| #define HAVE_TERMIO_H 1
| #define HAVE_UNISTD_H 1
| #define HAVE_STROPTS_H 1
| #define HAVE_ERRNO_H 1
| #define HAVE_STRINGS_H 1
| #define HAVE_LOCALE_H 1
| #define HAVE_TERMIOS_H 1
| #define HAVE_SYS_STATFS_H 1
| #define HAVE_POLL_H 1
| #define HAVE_SYS_POLL_H 1
| #define HAVE_PWD_H 1
| #define HAVE_UTIME_H 1
| #define HAVE_SYS_PARAM_H 1
| #define TIME_WITH_SYS_TIME 1
| #define HAVE_LIBNCURSES 1
| #define TERMINFO 1
| #define HAVE_OSPEED 1
| #define HAVE_UP_BC_PC 1
| #define SYS_SELECT_WITH_SYS_TIME 1
| #define RETSIGTYPE void
| #define SIGRETURN return
| #define HAVE_SIGCONTEXT 1
| #define HAVE_BCMP 1
| #define HAVE_FCHDIR 1
| #define HAVE_FCHOWN 1
| #define HAVE_FSEEKO 1
| #define HAVE_FSYNC 1
| #define HAVE_FTELLO 1
| #define HAVE_GETCWD 1
| #define HAVE_GETPWNAM 1
| #define HAVE_GETPWUID 1
| #define HAVE_GETTIMEOFDAY 1
| #define HAVE_GETWD 1
| #define HAVE_LSTAT 1
| #define HAVE_MEMCMP 1
| #define HAVE_MEMSET 1
| #define HAVE_NANOSLEEP 1
| #define HAVE_OPENDIR 1
| #define HAVE_PUTENV 1
| #define HAVE_QSORT 1
| #define HAVE_SELECT 1
| #define HAVE_SETENV 1
| #define HAVE_SETPGID 1
| #define HAVE_SETSID 1
| #define HAVE_SIGSET 1
| #define HAVE_STRCASECMP 1
| #define HAVE_STRERROR 1
| #define HAVE_STRFTIME 1
| /* end confdefs.h.  */
| /* Define stricmp to an innocuous variant, in case <limits.h> declares stricmp.
|    For example, HP-UX 11i <limits.h> declares gettimeofday.  */
| #define stricmp innocuous_stricmp
| 
| /* System header to define __stub macros and hopefully few prototypes,
|     which can conflict with char stricmp (); below.
|     Prefer <limits.h> to <assert.h> if __STDC__ is defined, since
|     <limits.h> exists even on freestanding compilers.  */
| 
| #ifdef __STDC__
| # include <limits.h>
| #else
| # include <assert.h>
| #endif
| 
| #undef stricmp
| 
| /* Override any GCC internal prototype to avoid an error.
|    Use char because int might match the return type of a GCC
|    builtin and then its argument prototype would still apply.  */
| #ifdef __cplusplus
| extern "C"
| #endif
| char stricmp ();
| /* The GNU C library defines this for functions which it implements
|     to always fail with ENOSYS.  Some functions are actually named
|     something starting with __ and the normal name is an alias.  */
| #if defined __stub_stricmp || defined __stub___stricmp
| choke me
| #endif
| 
| int
| main ()
| {
| return stricmp ();
|   ;
|   return 0;
| }
configure:6947: result: no
configure:6947: checking for strncasecmp
configure:6947: gcc -o conftest -g -O2 -Wall   conftest.c -lncurses  >&5
conftest.c:105:6: warning: conflicting types for built-in function 'strncasecmp' [enabled by default]
 char strncasecmp ();
      ^
configure:6947: $? = 0
configure:6947: result: yes
configure:6947: checking for strnicmp
configure:6947: gcc -o conftest -g -O2 -Wall   conftest.c -lncurses  >&5
/tmp/cc3Gbyvy.o: In function `main':
/home/june/project/ParaDySE/benchmarks/vim-5.7/src/conftest.c:117: undefined reference to `strnicmp'
collect2: error: ld returned 1 exit status
configure:6947: $? = 1
configure: failed program was:
| /* confdefs.h */
| #define PACKAGE_NAME ""
| #define PACKAGE_TARNAME ""
| #define PACKAGE_VERSION ""
| #define PACKAGE_STRING ""
| #define PACKAGE_BUGREPORT ""
| #define PACKAGE_URL ""
| #define UNIX 1
| #define HAVE_DATE_TIME 1
| #define STDC_HEADERS 1
| #define HAVE_SYS_TYPES_H 1
| #define HAVE_SYS_STAT_H 1
| #define HAVE_STDLIB_H 1
| #define HAVE_STRING_H 1
| #define HAVE_MEMORY_H 1
| #define HAVE_STRINGS_H 1
| #define HAVE_INTTYPES_H 1
| #define HAVE_STDINT_H 1
| #define HAVE_UNISTD_H 1
| #define SVR4 1
| #define HAVE_DIRENT_H 1
| #define STDC_HEADERS 1
| #define HAVE_SYS_WAIT_H 1
| #define HAVE_STDLIB_H 1
| #define HAVE_STRING_H 1
| #define HAVE_SYS_SELECT_H 1
| #define HAVE_SYS_UTSNAME_H 1
| #define HAVE_TERMCAP_H 1
| #define HAVE_FCNTL_H 1
| #define HAVE_SGTTY_H 1
| #define HAVE_SYS_IOCTL_H 1
| #define HAVE_SYS_TIME_H 1
| #define HAVE_TERMIO_H 1
| #define HAVE_UNISTD_H 1
| #define HAVE_STROPTS_H 1
| #define HAVE_ERRNO_H 1
| #define HAVE_STRINGS_H 1
| #define HAVE_LOCALE_H 1
| #define HAVE_TERMIOS_H 1
| #define HAVE_SYS_STATFS_H 1
| #define HAVE_POLL_H 1
| #define HAVE_SYS_POLL_H 1
| #define HAVE_PWD_H 1
| #define HAVE_UTIME_H 1
| #define HAVE_SYS_PARAM_H 1
| #define TIME_WITH_SYS_TIME 1
| #define HAVE_LIBNCURSES 1
| #define TERMINFO 1
| #define HAVE_OSPEED 1
| #define HAVE_UP_BC_PC 1
| #define SYS_SELECT_WITH_SYS_TIME 1
| #define RETSIGTYPE void
| #define SIGRETURN return
| #define HAVE_SIGCONTEXT 1
| #define HAVE_BCMP 1
| #define HAVE_FCHDIR 1
| #define HAVE_FCHOWN 1
| #define HAVE_FSEEKO 1
| #define HAVE_FSYNC 1
| #define HAVE_FTELLO 1
| #define HAVE_GETCWD 1
| #define HAVE_GETPWNAM 1
| #define HAVE_GETPWUID 1
| #define HAVE_GETTIMEOFDAY 1
| #define HAVE_GETWD 1
| #define HAVE_LSTAT 1
| #define HAVE_MEMCMP 1
| #define HAVE_MEMSET 1
| #define HAVE_NANOSLEEP 1
| #define HAVE_OPENDIR 1
| #define HAVE_PUTENV 1
| #define HAVE_QSORT 1
| #define HAVE_SELECT 1
| #define HAVE_SETENV 1
| #define HAVE_SETPGID 1
| #define HAVE_SETSID 1
| #define HAVE_SIGSET 1
| #define HAVE_STRCASECMP 1
| #define HAVE_STRERROR 1
| #define HAVE_STRFTIME 1
| #define HAVE_STRNCASECMP 1
| /* end confdefs.h.  */
| /* Define strnicmp to an innocuous variant, in case <limits.h> declares strnicmp.
|    For example, HP-UX 11i <limits.h> declares gettimeofday.  */
| #define strnicmp innocuous_strnicmp
| 
| /* System header to define __stub macros and hopefully few prototypes,
|     which can conflict with char strnicmp (); below.
|     Prefer <limits.h> to <assert.h> if __STDC__ is defined, since
|     <limits.h> exists even on freestanding compilers.  */
| 
| #ifdef __STDC__
| # include <limits.h>
| #else
| # include <assert.h>
| #endif
| 
| #undef strnicmp
| 
| /* Override any GCC internal prototype to avoid an error.
|    Use char because int might match the return type of a GCC
|    builtin and then its argument prototype would still apply.  */
| #ifdef __cplusplus
| extern "C"
| #endif
| char strnicmp ();
| /* The GNU C library defines this for functions which it implements
|     to always fail with ENOSYS.  Some functions are actually named
|     something starting with __ and the normal name is an alias.  */
| #if defined __stub_strnicmp || defined __stub___strnicmp
| choke me
| #endif
| 
| int
| main ()
| {
| return strnicmp ();
|   ;
|   return 0;
| }
configure:6947: result: no
configure:6947: checking for strpbrk
configure:6947: gcc -o conftest -g -O2 -Wall   conftest.c -lncurses  >&5
conftest.c:106:6: warning: conflicting types for built-in function 'strpbrk' [enabled by default]
 char strpbrk ();
      ^
configure:6947: $? = 0
configure:6947: result: yes
configure:6947: checking for strtol
configure:6947: gcc -o conftest -g -O2 -Wall   conftest.c -lncurses  >&5
configure:6947: $? = 0
configure:6947: result: yes
configure:6947: checking for tgetent
configure:6947: gcc -o conftest -g -O2 -Wall   conftest.c -lncurses  >&5
configure:6947: $? = 0
configure:6947: result: yes
configure:6947: checking for usleep
configure:6947: gcc -o conftest -g -O2 -Wall   conftest.c -lncurses  >&5
configure:6947: $? = 0
configure:6947: result: yes
configure:6947: checking for utime
configure:6947: gcc -o conftest -g -O2 -Wall   conftest.c -lncurses  >&5
configure:6947: $? = 0
configure:6947: result: yes
configure:6947: checking for utimes
configure:6947: gcc -o conftest -g -O2 -Wall   conftest.c -lncurses  >&5
configure:6947: $? = 0
configure:6947: result: yes
configure:6957: checking for st_blksize
configure:6975: gcc -c -g -O2 -Wall  conftest.c >&5
conftest.c: In function 'main':
conftest.c:95:6: warning: variable 'n' set but not used [-Wunused-but-set-variable]
  int n;
      ^
configure:6975: $? = 0
configure:6976: result: yes
configure:6985: checking --enable-gpm argument
configure:6994: result: no
configure:7035: checking for rename
configure:7048: gcc -o conftest -g -O2 -Wall   conftest.c -lncurses  >&5
configure:7048: $? = 0
configure:7049: result: yes
configure:7060: checking size of int
configure:7079: gcc -o conftest -g -O2 -Wall   conftest.c -lncurses  >&5
conftest.c:92:3: warning: return type defaults to 'int' [-Wreturn-type]
   main()
   ^
conftest.c: In function 'main':
conftest.c:95:5: warning: implicit declaration of function 'exit' [-Wimplicit-function-declaration]
     if (!f) exit(1);
     ^
conftest.c:95:13: warning: incompatible implicit declaration of built-in function 'exit' [enabled by default]
     if (!f) exit(1);
             ^
configure:7079: $? = 0
configure:7079: ./conftest
configure:7079: $? = 0
configure:7090: result: 4
configure:7097: checking whether memmove/bcopy/memcpy handle overlaps
configure:7121: gcc -o conftest -g -O2 -Wall   conftest.c -lncurses  >&5
conftest.c:93:1: warning: return type defaults to 'int' [-Wreturn-type]
 main() {
 ^
conftest.c: In function 'main':
conftest.c:95:3: warning: implicit declaration of function 'strcpy' [-Wimplicit-function-declaration]
   strcpy(buf, "abcdefghi");
   ^
conftest.c:95:3: warning: incompatible implicit declaration of built-in function 'strcpy' [enabled by default]
conftest.c:96:3: warning: implicit declaration of function 'memmove' [-Wimplicit-function-declaration]
   mch_memmove(buf, buf + 2, 3);
   ^
conftest.c:92:28: warning: incompatible implicit declaration of built-in function 'memmove' [enabled by default]
 #define mch_memmove(s,d,l) memmove(d,s,l) 
                            ^
conftest.c:96:3: note: in expansion of macro 'mch_memmove'
   mch_memmove(buf, buf + 2, 3);
   ^
conftest.c:97:3: warning: implicit declaration of function 'strncmp' [-Wimplicit-function-declaration]
   if (strncmp(buf, "ababcf", 6))
   ^
conftest.c:98:5: warning: implicit declaration of function 'exit' [-Wimplicit-function-declaration]
     exit(1);
     ^
conftest.c:98:5: warning: incompatible implicit declaration of built-in function 'exit' [enabled by default]
configure:7121: $? = 0
configure:7121: ./conftest
configure:7121: $? = 0
configure:7123: result: memmove does
configure:7360: checking for _xpg4_setrunelocale in -lxpg4
configure:7385: gcc -o conftest -g -O2 -Wall   conftest.c -lxpg4  -lncurses  >&5
/usr/bin/ld: cannot find -lxpg4
collect2: error: ld returned 1 exit status
configure:7385: $? = 1
configure: failed program was:
| /* confdefs.h */
| #define PACKAGE_NAME ""
| #define PACKAGE_TARNAME ""
| #define PACKAGE_VERSION ""
| #define PACKAGE_STRING ""
| #define PACKAGE_BUGREPORT ""
| #define PACKAGE_URL ""
| #define UNIX 1
| #define HAVE_DATE_TIME 1
| #define STDC_HEADERS 1
| #define HAVE_SYS_TYPES_H 1
| #define HAVE_SYS_STAT_H 1
| #define HAVE_STDLIB_H 1
| #define HAVE_STRING_H 1
| #define HAVE_MEMORY_H 1
| #define HAVE_STRINGS_H 1
| #define HAVE_INTTYPES_H 1
| #define HAVE_STDINT_H 1
| #define HAVE_UNISTD_H 1
| #define SVR4 1
| #define HAVE_DIRENT_H 1
| #define STDC_HEADERS 1
| #define HAVE_SYS_WAIT_H 1
| #define HAVE_STDLIB_H 1
| #define HAVE_STRING_H 1
| #define HAVE_SYS_SELECT_H 1
| #define HAVE_SYS_UTSNAME_H 1
| #define HAVE_TERMCAP_H 1
| #define HAVE_FCNTL_H 1
| #define HAVE_SGTTY_H 1
| #define HAVE_SYS_IOCTL_H 1
| #define HAVE_SYS_TIME_H 1
| #define HAVE_TERMIO_H 1
| #define HAVE_UNISTD_H 1
| #define HAVE_STROPTS_H 1
| #define HAVE_ERRNO_H 1
| #define HAVE_STRINGS_H 1
| #define HAVE_LOCALE_H 1
| #define HAVE_TERMIOS_H 1
| #define HAVE_SYS_STATFS_H 1
| #define HAVE_POLL_H 1
| #define HAVE_SYS_POLL_H 1
| #define HAVE_PWD_H 1
| #define HAVE_UTIME_H 1
| #define HAVE_SYS_PARAM_H 1
| #define TIME_WITH_SYS_TIME 1
| #define HAVE_LIBNCURSES 1
| #define TERMINFO 1
| #define HAVE_OSPEED 1
| #define HAVE_UP_BC_PC 1
| #define SYS_SELECT_WITH_SYS_TIME 1
| #define RETSIGTYPE void
| #define SIGRETURN return
| #define HAVE_SIGCONTEXT 1
| #define HAVE_BCMP 1
| #define HAVE_FCHDIR 1
| #define HAVE_FCHOWN 1
| #define HAVE_FSEEKO 1
| #define HAVE_FSYNC 1
| #define HAVE_FTELLO 1
| #define HAVE_GETCWD 1
| #define HAVE_GETPWNAM 1
| #define HAVE_GETPWUID 1
| #define HAVE_GETTIMEOFDAY 1
| #define HAVE_GETWD 1
| #define HAVE_LSTAT 1
| #define HAVE_MEMCMP 1
| #define HAVE_MEMSET 1
| #define HAVE_NANOSLEEP 1
| #define HAVE_OPENDIR 1
| #define HAVE_PUTENV 1
| #define HAVE_QSORT 1
| #define HAVE_SELECT 1
| #define HAVE_SETENV 1
| #define HAVE_SETPGID 1
| #define HAVE_SETSID 1
| #define HAVE_SIGSET 1
| #define HAVE_STRCASECMP 1
| #define HAVE_STRERROR 1
| #define HAVE_STRFTIME 1
| #define HAVE_STRNCASECMP 1
| #define HAVE_STRPBRK 1
| #define HAVE_STRTOL 1
| #define HAVE_TGETENT 1
| #define HAVE_USLEEP 1
| #define HAVE_UTIME 1
| #define HAVE_UTIMES 1
| #define HAVE_ST_BLKSIZE 1
| #define HAVE_RENAME 1
| #define SIZEOF_INT 4
| #define USEMEMMOVE 1
| /* end confdefs.h.  */
| 
| /* Override any GCC internal prototype to avoid an error.
|    Use char because int might match the return type of a GCC
|    builtin and then its argument prototype would still apply.  */
| #ifdef __cplusplus
| extern "C"
| #endif
| char _xpg4_setrunelocale ();
| int
| main ()
| {
| return _xpg4_setrunelocale ();
|   ;
|   return 0;
| }
configure:7394: result: no
configure:7401: checking how to create tags
etags: Unknown option: -c
ctags: Unknown option: -t
ctags: Unknown option: -t
ctags: Unknown option: -t
ctags: Unknown option: -i
configure:7412: result: ctags
configure:7415: checking how to run man with a section nr
configure:7419: result: man -s
configure:7542: creating ./config.status

## ---------------------- ##
## Running config.status. ##
## ---------------------- ##

This file was extended by config.status, which was
generated by GNU Autoconf 2.69.  Invocation command line was

  CONFIG_FILES    = 
  CONFIG_HEADERS  = 
  CONFIG_LINKS    = 
  CONFIG_COMMANDS = 
  $ ./config.status 

on fix

config.status:919: creating config.mk
config.status:1018: WARNING:  'config.mk.in' seems to ignore the --datarootdir setting
config.status:919: creating config.h
config.status:1089: config.h is unchanged

## ---------------- ##
## Cache variables. ##
## ---------------- ##

ac_cv_c_compiler_gnu=yes
ac_cv_c_const=yes
ac_cv_env_CC_set=
ac_cv_env_CC_value=
ac_cv_env_CFLAGS_set=
ac_cv_env_CFLAGS_value=
ac_cv_env_CPPFLAGS_set=
ac_cv_env_CPPFLAGS_value=
ac_cv_env_CPP_set=
ac_cv_env_CPP_value=
ac_cv_env_LDFLAGS_set=
ac_cv_env_LDFLAGS_value=
ac_cv_env_LIBS_set=
ac_cv_env_LIBS_value=
ac_cv_env_XMKMF_set=
ac_cv_env_XMKMF_value=
ac_cv_env_build_alias_set=
ac_cv_env_build_alias_value=
ac_cv_env_host_alias_set=
ac_cv_env_host_alias_value=
ac_cv_env_target_alias_set=
ac_cv_env_target_alias_value=
ac_cv_func_bcmp=yes
ac_cv_func_fchdir=yes
ac_cv_func_fchown=yes
ac_cv_func_fseeko=yes
ac_cv_func_fsync=yes
ac_cv_func_ftello=yes
ac_cv_func_getcwd=yes
ac_cv_func_getpwnam=yes
ac_cv_func_getpwuid=yes
ac_cv_func_gettimeofday=yes
ac_cv_func_getwd=yes
ac_cv_func_lstat=yes
ac_cv_func_memcmp=yes
ac_cv_func_memset=yes
ac_cv_func_nanosleep=yes
ac_cv_func_opendir=yes
ac_cv_func_putenv=yes
ac_cv_func_qsort=yes
ac_cv_func_select=yes
ac_cv_func_setenv=yes
ac_cv_func_setpgid=yes
ac_cv_func_setsid=yes
ac_cv_func_sigset=yes
ac_cv_func_strcasecmp=yes
ac_cv_func_strerror=yes
ac_cv_func_strftime=yes
ac_cv_func_stricmp=no
ac_cv_func_strncasecmp=yes
ac_cv_func_strnicmp=no
ac_cv_func_strpbrk=yes
ac_cv_func_strtol=yes
ac_cv_func_tgetent=yes
ac_cv_func_usleep=yes
ac_cv_func_utime=yes
ac_cv_func_utimes=yes
ac_cv_header_Xm_Xm_h=no
ac_cv_header_dirent_dirent_h=yes
ac_cv_header_elf_h=yes
ac_cv_header_errno_h=yes
ac_cv_header_fcntl_h=yes
ac_cv_header_inttypes_h=yes
ac_cv_header_libc_h=no
ac_cv_header_locale_h=yes
ac_cv_header_memory_h=yes
ac_cv_header_poll_h=yes
ac_cv_header_pwd_h=yes
ac_cv_header_sgtty_h=yes
ac_cv_header_stdc=yes
ac_cv_header_stdint_h=yes
ac_cv_header_stdlib_h=yes
ac_cv_header_string_h=yes
ac_cv_header_strings_h=yes
ac_cv_header_stropts_h=yes
ac_cv_header_sys_ioctl_h=yes
ac_cv_header_sys_param_h=yes
ac_cv_header_sys_poll_h=yes
ac_cv_header_sys_ptem_h=no
ac_cv_header_sys_select_h=yes
ac_cv_header_sys_stat_h=yes
ac_cv_header_sys_statfs_h=yes
ac_cv_header_sys_stream_h=no
ac_cv_header_sys_systeminfo_h=no
ac_cv_header_sys_time_h=yes
ac_cv_header_sys_types_h=yes
ac_cv_header_sys_utsname_h=yes
ac_cv_header_sys_wait_h=yes
ac_cv_header_termcap_h=yes
ac_cv_header_termio_h=yes
ac_cv_header_termios_h=yes
ac_cv_header_time=yes
ac_cv_header_unistd_h=yes
ac_cv_header_utime_h=yes
ac_cv_lib_elf_main=no
ac_cv_lib_ncurses___tgetent=yes
ac_cv_lib_xpg4__xpg4_setrunelocale=no
ac_cv_objext=o
ac_cv_path_EGREP='/bin/grep -E'
ac_cv_path_GREP=/bin/grep
ac_cv_prog_AWK=gawk
ac_cv_prog_CPP='gcc -E'
ac_cv_prog_STRIP=strip
ac_cv_prog_ac_ct_CC=gcc
ac_cv_prog_cc_c89=
ac_cv_prog_cc_g=yes
ac_cv_prog_gcc_traditional=no
ac_cv_prog_make_make_set=yes
ac_cv_search_opendir='none required'
ac_cv_search_strerror='none required'
ac_cv_sizeof_int=4
ac_cv_type_ino_t=yes
ac_cv_type_mode_t=yes
ac_cv_type_off_t=yes
ac_cv_type_pid_t=yes
ac_cv_type_signal=void
ac_cv_type_size_t=yes
ac_cv_type_uid_t=yes

## ----------------- ##
## Output variables. ##
## ----------------- ##

AWK='gawk'
CC='gcc'
CFLAGS='-g -O2 -Wall'
CPP='gcc -E'
CPPFLAGS=''
CPP_MM='M'
DEFS='-DHAVE_CONFIG_H'
ECHO_C=''
ECHO_N='-n'
ECHO_T=''
EGREP='/bin/grep -E'
EXEEXT=''
GREP='/bin/grep'
GTK_CFLAGS=''
GTK_CONFIG=''
GTK_LIBS=''
GUITYPE='NONE'
GUI_INC_LOC=''
GUI_LIB_LOC=''
GUI_X_LIBS=''
HANGULIN_OBJ=''
HANGULIN_SRC=''
LDFLAGS=''
LIBOBJS=''
LIBS='-lncurses '
LTLIBOBJS=''
MOTIF_LIBNAME=''
NARROW_PROTO=''
OBJEXT='o'
OS_EXTRA_OBJ=''
OS_EXTRA_SRC=''
PACKAGE_BUGREPORT=''
PACKAGE_NAME=''
PACKAGE_STRING=''
PACKAGE_TARNAME=''
PACKAGE_URL=''
PACKAGE_VERSION=''
PATH_SEPARATOR=':'
PERL_CFLAGS=''
PERL_OBJ=''
PERL_PRO=''
PERL_SRC=''
PYTHON_CFLAGS=''
PYTHON_CONFDIR=''
PYTHON_GETPATH_CFLAGS=''
PYTHON_LIBS=''
PYTHON_OBJ=''
PYTHON_SRC=''
SET_MAKE=''
SHELL='/bin/bash'
STRIP='strip'
TAGPRG='ctags'
TCL_CFLAGS=''
TCL_LIBS=''
TCL_OBJ=''
TCL_PRO=''
TCL_SRC=''
XMKMF=''
X_CFLAGS=''
X_EXTRA_LIBS=''
X_LIB=''
X_LIBS=''
X_PRE_LIBS=''
ac_ct_CC='gcc'
bindir='${exec_prefix}/bin'
build_alias=''
datadir='${datarootdir}'
datarootdir='${prefix}/share'
docdir='${datarootdir}/doc/${PACKAGE}'
dvidir='${docdir}'
exec_prefix='${prefix}'
host_alias=''
htmldir='${docdir}'
includedir='${prefix}/include'
infodir='${datarootdir}/info'
libdir='${exec_prefix}/lib'
libexecdir='${exec_prefix}/libexec'
localedir='${datarootdir}/locale'
localstatedir='${prefix}/var'
mandir='${datarootdir}/man'
oldincludedir='/usr/include'
pdfdir='${docdir}'
perllibs=''
prefix='/usr/local'
program_transform_name='s,x,x,'
psdir='${docdir}'
sbindir='${exec_prefix}/sbin'
sharedstatedir='${prefix}/com'
shrpenv=''
sysconfdir='${prefix}/etc'
target_alias=''
vi_cv_path_perl=''
vi_cv_path_python=''
vi_cv_path_tcl=''
vi_cv_perllib=''
xmkmfpath=''

## ----------- ##
## confdefs.h. ##
## ----------- ##

/* confdefs.h */
#define PACKAGE_NAME ""
#define PACKAGE_TARNAME ""
#define PACKAGE_VERSION ""
#define PACKAGE_STRING ""
#define PACKAGE_BUGREPORT ""
#define PACKAGE_URL ""
#define UNIX 1
#define HAVE_DATE_TIME 1
#define STDC_HEADERS 1
#define HAVE_SYS_TYPES_H 1
#define HAVE_SYS_STAT_H 1
#define HAVE_STDLIB_H 1
#define HAVE_STRING_H 1
#define HAVE_MEMORY_H 1
#define HAVE_STRINGS_H 1
#define HAVE_INTTYPES_H 1
#define HAVE_STDINT_H 1
#define HAVE_UNISTD_H 1
#define SVR4 1
#define HAVE_DIRENT_H 1
#define STDC_HEADERS 1
#define HAVE_SYS_WAIT_H 1
#define HAVE_STDLIB_H 1
#define HAVE_STRING_H 1
#define HAVE_SYS_SELECT_H 1
#define HAVE_SYS_UTSNAME_H 1
#define HAVE_TERMCAP_H 1
#define HAVE_FCNTL_H 1
#define HAVE_SGTTY_H 1
#define HAVE_SYS_IOCTL_H 1
#define HAVE_SYS_TIME_H 1
#define HAVE_TERMIO_H 1
#define HAVE_UNISTD_H 1
#define HAVE_STROPTS_H 1
#define HAVE_ERRNO_H 1
#define HAVE_STRINGS_H 1
#define HAVE_LOCALE_H 1
#define HAVE_TERMIOS_H 1
#define HAVE_SYS_STATFS_H 1
#define HAVE_POLL_H 1
#define HAVE_SYS_POLL_H 1
#define HAVE_PWD_H 1
#define HAVE_UTIME_H 1
#define HAVE_SYS_PARAM_H 1
#define TIME_WITH_SYS_TIME 1
#define HAVE_LIBNCURSES 1
#define TERMINFO 1
#define HAVE_OSPEED 1
#define HAVE_UP_BC_PC 1
#define SYS_SELECT_WITH_SYS_TIME 1
#define RETSIGTYPE void
#define SIGRETURN return
#define HAVE_SIGCONTEXT 1
#define HAVE_BCMP 1
#define HAVE_FCHDIR 1
#define HAVE_FCHOWN 1
#define HAVE_FSEEKO 1
#define HAVE_FSYNC 1
#define HAVE_FTELLO 1
#define HAVE_GETCWD 1
#define HAVE_GETPWNAM 1
#define HAVE_GETPWUID 1
#define HAVE_GETTIMEOFDAY 1
#define HAVE_GETWD 1
#define HAVE_LSTAT 1
#define HAVE_MEMCMP 1
#define HAVE_MEMSET 1
#define HAVE_NANOSLEEP 1
#define HAVE_OPENDIR 1
#define HAVE_PUTENV 1
#define HAVE_QSORT 1
#define HAVE_SELECT 1
#define HAVE_SETENV 1
#define HAVE_SETPGID 1
#define HAVE_SETSID 1
#define HAVE_SIGSET 1
#define HAVE_STRCASECMP 1
#define HAVE_STRERROR 1
#define HAVE_STRFTIME 1
#define HAVE_STRNCASECMP 1
#define HAVE_STRPBRK 1
#define HAVE_STRTOL 1
#define HAVE_TGETENT 1
#define HAVE_USLEEP 1
#define HAVE_UTIME 1
#define HAVE_UTIMES 1
#define HAVE_ST_BLKSIZE 1
#define HAVE_RENAME 1
#define SIZEOF_INT 4
#define USEMEMMOVE 1
#define USEMAN_S 1

configure: exit 0
